#
# A fatal error has been detected by the Java Runtime Environment:
#
#  EXCEPTION_ACCESS_VIOLATION (0xc0000005) at pc=0x00007fff0cf9fa2a, pid=45416, tid=23796
#
# JRE version: OpenJDK Runtime Environment Temurin-17.0.4.1+1 (17.0.4.1+1) (build 17.0.4.1+1)
# Java VM: OpenJDK 64-Bit Server VM Temurin-17.0.4.1+1 (17.0.4.1+1, mixed mode, tiered, compressed oops, compressed class ptrs, g1 gc, windows-amd64)
# Problematic frame:
# V  [jvm.dll+0x79fa2a]
#
# No core dump will be written. Minidumps are not enabled by default on client versions of Windows
#
# If you would like to submit a bug report, please visit:
#   https://github.com/adoptium/adoptium-support/issues
#

---------------  S U M M A R Y ------------

Command Line: -XX:+ShowCodeDetailsInExceptionMessages -agentlib:jdwp=transport=dt_socket,suspend=y,address=localhost:63545 -javaagent:C:\Users\basti\eclipse\java-2022-09\eclipse\configuration\org.eclipse.osgi\652\0\.cp\lib\javaagent-shaded.jar -Dfile.encoding=UTF-8 -Dstdout.encoding=UTF-8 -Dstderr.encoding=UTF-8 commandLine.PersonnelConsole

Host: 11th Gen Intel(R) Core(TM) i7-11800H @ 2.30GHz, 16 cores, 15G,  Windows 11 , 64 bit Build 22621 (10.0.22621.3235)
Time: Thu Mar 21 22:32:39 2024 Paris, Madrid elapsed time: 403.874590 seconds (0d 0h 6m 43s)

---------------  T H R E A D  ---------------

Current thread (0x000001ea3eb73650):  JavaThread "JDWP Transport Listener: dt_socket" daemon [_thread_in_vm, id=23796, stack(0x000000bb28600000,0x000000bb28700000)]

Stack: [0x000000bb28600000,0x000000bb28700000],  sp=0x000000bb286ff300,  free space=1020k
Native frames: (J=compiled Java code, j=interpreted, Vv=VM code, C=native code)
V  [jvm.dll+0x79fa2a]
V  [jvm.dll+0x50965c]
V  [jvm.dll+0x4d0cc4]
C  [jdwp.dll+0x22f7b]


siginfo: EXCEPTION_ACCESS_VIOLATION (0xc0000005), reading address 0x000000000052011f


Register to memory mapping:

RIP=0x00007fff0cf9fa2a jvm.dll
RAX=0x000000000000011c is an unknown value
RBX=0x000001ea3e8e8094 points into unknown readable memory: 2f 6d 79 73
RCX=0x000000000052011b is an unknown value
RDX=0x000001ea3f3f7fb0 points into unknown readable memory: 0x6e6e6f737265704c | 4c 70 65 72 73 6f 6e 6e
RSP=0x000000bb286ff300 is pointing into the stack for thread: 0x000001ea3eb73650
RBP=0x000001ea3eb82410 points into unknown readable memory: 0x0000000000000002 | 02 00 00 00 00 00 00 00
RSI=0x0 is NULL
RDI=0xffffffffffffffff is an unknown value
R8 =0x0000000000000004 is an unknown value
R9 =0x000000000000001d is an unknown value
R10=0x0 is NULL
R11=0x000000bb286ff320 is pointing into the stack for thread: 0x000001ea3eb73650
R12=0x000000bb286ff458 is pointing into the stack for thread: 0x000001ea3eb73650
R13=0x0 is NULL
R14=0x0000000800141930 is a pointer to class: 
personnel.Employe {0x0000000800141938}
 - instance size:     8
 - klass size:        92
 - access:            public synchronized 
 - state:             fully_initialized
 - name:              'personnel/Employe'
 - super:             'java/lang/Object'
 - sub:               
 - arrays:            NULL
 - methods:           Array<T>(0x000001ea3fe06a68)
 - method ordering:   Array<T>(0x000001ea3fe082e8)
 - default_methods:   Array<T>(0x0000000000000000)
 - local interfaces:  Array<T>(0x000001ea3fc3f248)
 - trans. interfaces: Array<T>(0x000001ea3fc3f248)
 - constants:         constant pool [286] {0x000001ea3fe098d8} for 'personnel/Employe' cache=0x000001ea3fe0a288
 - class loader data:  loader data: 0x000001ea3ea6cea0 for instance a 'jdk/internal/loader/ClassLoaders$AppClassLoader'{0x0000000712a00000}
 - source file:       'Employe.java'
 - source debug extension:       SMAP
Employe.java
Java
*S jdt
*F
1 Employe.java
2 file:/C:/Users/basti/Documents/ITIC/Developpement/personnel-master/Personnel/target/classes/
*L
*E

 - class annotations:       Array<T>(0x0000000000000000)
 - class type annotations:  Array<T>(0x0000000000000000)
 - field annotations:       Array<T>(0x0000000000000000)
 - field type annotations:  Array<T>(0x0000000000000000)
 - generic signature: '
[error occurred during error reporting (printing register info), id 0xc0000005, EXCEPTION_ACCESS_VIOLATION (0xc0000005) at pc=0x00007fff0cfa0636]

Registers:
RAX=0x000000000000011c, RBX=0x000001ea3e8e8094, RCX=0x000000000052011b, RDX=0x000001ea3f3f7fb0
RSP=0x000000bb286ff300, RBP=0x000001ea3eb82410, RSI=0x0000000000000000, RDI=0xffffffffffffffff
R8 =0x0000000000000004, R9 =0x000000000000001d, R10=0x0000000000000000, R11=0x000000bb286ff320
R12=0x000000bb286ff458, R13=0x0000000000000000, R14=0x0000000800141930, R15=0x000000bb286ff480
RIP=0x00007fff0cf9fa2a, EFLAGS=0x0000000000010206

Top of Stack: (sp=0x000000bb286ff300)
0x000000bb286ff300:   0000000000000011 0000000800141930
0x000000bb286ff310:   000001ea4051c910 00007fff9500ab11
0x000000bb286ff320:   ffffffffffffffff 00007fff0cd0965c
0x000000bb286ff330:   000001ea3e8e8094 000001ea3e8e8080
0x000000bb286ff340:   000001ea3eb82410 0000000000000000
0x000000bb286ff350:   000001ea3e8e8050 00000000000003d8
0x000000bb286ff360:   000001ea3e8e8060 000001ea3e8e8438
0x000000bb286ff370:   0000000000004201 000000bb286ff458
0x000000bb286ff380:   0000000000000007 000001ea3eb738f8
0x000000bb286ff390:   000000071393ee00 00007fff0ccd0cc4
0x000000bb286ff3a0:   000001ea3eb73650 000000bb286ff480
0x000000bb286ff3b0:   000001ea1e697c10 000000bb286ff480
0x000000bb286ff3c0:   000001ea3eb73650 0000000000000000
0x000000bb286ff3d0:   0000000000000000 0000000000000000
0x000000bb286ff3e0:   000001ea3eb685a0 00007fff79672f7b
0x000000bb286ff3f0:   000000bb286ff478 00007fff79681600 

Instructions: (pc=0x00007fff0cf9fa2a)
0x00007fff0cf9f92a:   48 83 c4 20 5f e9 bc 69 90 ff cc cc cc cc cc cc
0x00007fff0cf9f93a:   cc cc cc cc cc cc 48 89 5c 24 08 57 48 83 ec 20
0x00007fff0cf9f94a:   83 fa 02 8d 42 06 b9 08 00 00 00 49 8b d8 0f 4e
0x00007fff0cf9f95a:   c1 48 63 c8 48 83 c1 07 83 e1 f8 48 63 f9 49 8b
0x00007fff0cf9f96a:   48 18 48 8b c7 48 f7 d0 48 3b c1 73 16 4c 8d 05
0x00007fff0cf9f97a:   ba 58 17 00 48 8b d7 48 8b cb e8 c7 cc 90 ff 48
0x00007fff0cf9f98a:   8b 4b 18 48 8d 04 39 48 3b 43 20 76 18 45 33 c0
0x00007fff0cf9f99a:   48 8b d7 48 8b cb 48 8b 5c 24 30 48 83 c4 20 5f
0x00007fff0cf9f9aa:   e9 21 c9 90 ff 48 89 43 18 48 8b c1 48 8b 5c 24
0x00007fff0cf9f9ba:   30 48 83 c4 20 5f c3 cc cc cc cc cc cc cc cc cc
0x00007fff0cf9f9ca:   cc cc cc cc cc cc 4c 8b d2 4c 8b d9 45 85 c0 7e
0x00007fff0cf9f9da:   3c 44 0f b7 49 04 41 8d 40 ff 41 3b c1 44 0f 4c
0x00007fff0cf9f9ea:   c8 4d 63 c1 45 85 c9 7e 1f 48 8b c2 4c 2b da 49
0x00007fff0cf9f9fa:   8b d0 0f 1f 40 00 41 0f b6 4c 03 06 88 08 48 8d
0x00007fff0cf9fa0a:   40 01 48 83 ea 01 75 ee 43 c6 04 10 00 49 8b c2
0x00007fff0cf9fa1a:   c3 cc cc cc cc cc 48 89 5c 24 08 57 48 83 ec 20
0x00007fff0cf9fa2a:   0f b7 59 04 48 8b f9 33 d2 48 8d 4b 01 e8 f4 d9
0x00007fff0cf9fa3a:   f2 ff 0f b7 57 04 4c 8b c0 3b da 0f 42 d3 44 8b
0x00007fff0cf9fa4a:   ca 85 d2 74 39 48 2b f8 0f 1f 40 00 66 66 0f 1f
0x00007fff0cf9fa5a:   84 00 00 00 00 00 0f b6 4c 07 06 88 08 48 ff c0
0x00007fff0cf9fa6a:   48 8b c8 49 2b c8 49 3b c9 7c eb 42 c6 04 02 00
0x00007fff0cf9fa7a:   49 8b c0 48 8b 5c 24 30 48 83 c4 20 5f c3 48 8b
0x00007fff0cf9fa8a:   5c 24 30 c6 04 02 00 48 83 c4 20 5f c3 cc cc cc
0x00007fff0cf9fa9a:   cc cc cc cc cc cc 4c 8b d1 45 85 c0 7e 6c 44 0f
0x00007fff0cf9faaa:   b7 49 04 41 8d 40 ff 41 3b c1 44 0f 4c c8 4d 63
0x00007fff0cf9faba:   d9 45 85 c9 7e 22 48 8b ca 4c 2b d2 4d 8b c3 0f
0x00007fff0cf9faca:   1f 80 00 00 00 00 41 0f b6 44 0a 06 88 01 48 8d
0x00007fff0cf9fada:   49 01 49 83 e8 01 75 ee 41 c6 04 13 00 48 c7 c0
0x00007fff0cf9faea:   ff ff ff ff 66 90 48 ff c0 80 3c 02 00 75 f7 48
0x00007fff0cf9fafa:   63 c8 85 c0 48 8b c2 7e 14 80 38 2f 75 03 c6 00
0x00007fff0cf9fb0a:   2e 48 ff c0 48 83 e9 01 75 ef 48 8b c2 c3 cc cc
0x00007fff0cf9fb1a:   cc cc cc cc cc cc 48 83 ec 28 e8 f7 fe ff ff 4c 


Stack slot to memory mapping:
stack at sp + 0 slots: 0x0000000000000011 is an unknown value
stack at sp + 1 slots: 0x0000000800141930 is a pointer to class: 
personnel.Employe {0x0000000800141938}
 - instance size:     8
 - klass size:        92
 - access:            public synchronized 
 - state:             fully_initialized
 - name:              'personnel/Employe'
 - super:             'java/lang/Object'
 - sub:               
 - arrays:            NULL
 - methods:           Array<T>(0x000001ea3fe06a68)
 - method ordering:   Array<T>(0x000001ea3fe082e8)
 - default_methods:   Array<T>(0x0000000000000000)
 - local interfaces:  Array<T>(0x000001ea3fc3f248)
 - trans. interfaces: Array<T>(0x000001ea3fc3f248)
 - constants:         constant pool [286] {0x000001ea3fe098d8} for 'personnel/Employe' cache=0x000001ea3fe0a288
 - class loader data:  loader data: 0x000001ea3ea6cea0 for instance a 'jdk/internal/loader/ClassLoaders$AppClassLoader'{0x0000000712a00000}
 - source file:       'Employe.java'
 - source debug extension:       SMAP
Employe.java
Java
*S jdt
*F
1 Employe.java
2 file:/C:/Users/basti/Documents/ITIC/Developpement/personnel-master/Personnel/target/classes/
*L
*E

 - class annotations:       Array<T>(0x0000000000000000)
 - class type annotations:  Array<T>(0x0000000000000000)
 - field annotations:       Array<T>(0x0000000000000000)
 - field type annotations:  Array<T>(0x0000000000000000)
 - generic signature: '
[error occurred during error reporting (inspecting top of stack), id 0xc0000005, EXCEPTION_ACCESS_VIOLATION (0xc0000005) at pc=0x00007fff0cfa0636]


---------------  P R O C E S S  ---------------

Threads class SMR info:
_java_thread_list=0x000001ea402f40a0, length=16, elements={
0x000001ea1e6a7ff0, 0x000001ea3e83cad0, 0x000001ea3e83d680, 0x000001ea3e856c00,
0x000001ea3e896d00, 0x000001ea3e89bdf0, 0x000001ea3e89c7a0, 0x000001ea3e89e0b0,
0x000001ea3e8d7460, 0x000001ea3e8d8670, 0x000001ea3e97fb80, 0x000001ea3eb73650,
0x000001ea3eb756f0, 0x000001ea3eb78160, 0x000001ea3f1a97b0, 0x000001ea3f1d6050
}

Java Threads: ( => current thread )
  0x000001ea1e6a7ff0 JavaThread "main" [_thread_in_native, id=34972, stack(0x000000bb27100000,0x000000bb27200000)]
  0x000001ea3e83cad0 JavaThread "Reference Handler" daemon [_thread_blocked, id=45620, stack(0x000000bb27800000,0x000000bb27900000)]
  0x000001ea3e83d680 JavaThread "Finalizer" daemon [_thread_blocked, id=41004, stack(0x000000bb27900000,0x000000bb27a00000)]
  0x000001ea3e856c00 JavaThread "Signal Dispatcher" daemon [_thread_blocked, id=3364, stack(0x000000bb27a00000,0x000000bb27b00000)]
  0x000001ea3e896d00 JavaThread "Attach Listener" daemon [_thread_blocked, id=6916, stack(0x000000bb27b00000,0x000000bb27c00000)]
  0x000001ea3e89bdf0 JavaThread "Service Thread" daemon [_thread_blocked, id=13960, stack(0x000000bb27c00000,0x000000bb27d00000)]
  0x000001ea3e89c7a0 JavaThread "Monitor Deflation Thread" daemon [_thread_blocked, id=24444, stack(0x000000bb27d00000,0x000000bb27e00000)]
  0x000001ea3e89e0b0 JavaThread "C2 CompilerThread0" daemon [_thread_blocked, id=41732, stack(0x000000bb27e00000,0x000000bb27f00000)]
  0x000001ea3e8d7460 JavaThread "C1 CompilerThread0" daemon [_thread_blocked, id=6908, stack(0x000000bb27f00000,0x000000bb28000000)]
  0x000001ea3e8d8670 JavaThread "Sweeper thread" daemon [_thread_blocked, id=37064, stack(0x000000bb28000000,0x000000bb28100000)]
  0x000001ea3e97fb80 JavaThread "Common-Cleaner" daemon [_thread_blocked, id=13924, stack(0x000000bb28100000,0x000000bb28200000)]
=>0x000001ea3eb73650 JavaThread "JDWP Transport Listener: dt_socket" daemon [_thread_in_vm, id=23796, stack(0x000000bb28600000,0x000000bb28700000)]
  0x000001ea3eb756f0 JavaThread "JDWP Event Helper Thread" daemon [_thread_blocked, id=17068, stack(0x000000bb28700000,0x000000bb28800000)]
  0x000001ea3eb78160 JavaThread "JDWP Command Reader" daemon [_thread_in_native, id=20668, stack(0x000000bb28800000,0x000000bb28900000)]
  0x000001ea3f1a97b0 JavaThread "Notification Thread" daemon [_thread_blocked, id=44236, stack(0x000000bb28900000,0x000000bb28a00000)]
  0x000001ea3f1d6050 JavaThread "mysql-cj-abandoned-connection-cleanup" daemon [_thread_blocked, id=48960, stack(0x000000bb28b00000,0x000000bb28c00000)]

Other Threads:
  0x000001ea3dc0ecf0 VMThread "VM Thread" [stack: 0x000000bb27700000,0x000000bb27800000] [id=38748]
  0x000001ea3ea89250 WatcherThread [stack: 0x000000bb28a00000,0x000000bb28b00000] [id=44328]
  0x000001ea1e712d60 GCTaskThread "GC Thread#0" [stack: 0x000000bb27200000,0x000000bb27300000] [id=49980]
  0x000001ea401a0b20 GCTaskThread "GC Thread#1" [stack: 0x000000bb28d00000,0x000000bb28e00000] [id=51520]
  0x000001ea4029e640 GCTaskThread "GC Thread#2" [stack: 0x000000bb28e00000,0x000000bb28f00000] [id=44960]
  0x000001ea3f022910 GCTaskThread "GC Thread#3" [stack: 0x000000bb28f00000,0x000000bb29000000] [id=29412]
  0x000001ea3f022bc0 GCTaskThread "GC Thread#4" [stack: 0x000000bb29000000,0x000000bb29100000] [id=19072]
  0x000001ea3f515dc0 GCTaskThread "GC Thread#5" [stack: 0x000000bb29100000,0x000000bb29200000] [id=11012]
  0x000001ea3f739830 GCTaskThread "GC Thread#6" [stack: 0x000000bb29200000,0x000000bb29300000] [id=40208]
  0x000001ea3f739ae0 GCTaskThread "GC Thread#7" [stack: 0x000000bb29300000,0x000000bb29400000] [id=30788]
  0x000001ea1e723830 ConcurrentGCThread "G1 Main Marker" [stack: 0x000000bb27300000,0x000000bb27400000] [id=16308]
  0x000001ea1e724240 ConcurrentGCThread "G1 Conc#0" [stack: 0x000000bb27400000,0x000000bb27500000] [id=16020]
  0x000001ea3dab5610 ConcurrentGCThread "G1 Refine#0" [stack: 0x000000bb27500000,0x000000bb27600000] [id=42704]
  0x000001ea3dab6f50 ConcurrentGCThread "G1 Service" [stack: 0x000000bb27600000,0x000000bb27700000] [id=33088]

Threads with active compile tasks:

VM state: not at safepoint (normal execution)

VM Mutex/Monitor currently owned by a thread: None

Heap address: 0x0000000704600000, size: 4026 MB, Compressed Oops mode: Zero based, Oop shift amount: 3

CDS archive(s) not mapped
Compressed class space mapped at: 0x0000000800000000-0x0000000840000000, reserved size: 1073741824
Narrow klass base: 0x0000000800000000, Narrow klass shift: 0, Narrow klass range: 0x40000000

GC Precious Log:
 CPUs: 16 total, 16 available
 Memory: 16103M
 Large Page Support: Disabled
 NUMA Support: Disabled
 Compressed Oops: Enabled (Zero based)
 Heap Region Size: 2M
 Heap Min Capacity: 8M
 Heap Initial Capacity: 252M
 Heap Max Capacity: 4026M
 Pre-touch: Disabled
 Parallel Workers: 13
 Concurrent Workers: 3
 Concurrent Refinement Workers: 13
 Periodic GC: Disabled

Heap:
 garbage-first heap   total 258048K, used 18986K [0x0000000704600000, 0x0000000800000000)
  region size 2048K, 11 young (22528K), 2 survivors (4096K)
 Metaspace       used 15763K, committed 15936K, reserved 1064960K
  class space    used 1432K, committed 1536K, reserved 1048576K

Heap Regions: E=young(eden), S=young(survivor), O=old, HS=humongous(starts), HC=humongous(continues), CS=collection set, F=free, OA=open archive, CA=closed archive, TAMS=top-at-mark-start (previous, next)
|   0|0x0000000704600000, 0x0000000704600000, 0x0000000704800000|  0%| F|  |TAMS 0x0000000704600000, 0x0000000704600000| Untracked 
|   1|0x0000000704800000, 0x0000000704800000, 0x0000000704a00000|  0%| F|  |TAMS 0x0000000704800000, 0x0000000704800000| Untracked 
|   2|0x0000000704a00000, 0x0000000704a00000, 0x0000000704c00000|  0%| F|  |TAMS 0x0000000704a00000, 0x0000000704a00000| Untracked 
|   3|0x0000000704c00000, 0x0000000704c00000, 0x0000000704e00000|  0%| F|  |TAMS 0x0000000704c00000, 0x0000000704c00000| Untracked 
|   4|0x0000000704e00000, 0x0000000704e00000, 0x0000000705000000|  0%| F|  |TAMS 0x0000000704e00000, 0x0000000704e00000| Untracked 
|   5|0x0000000705000000, 0x0000000705000000, 0x0000000705200000|  0%| F|  |TAMS 0x0000000705000000, 0x0000000705000000| Untracked 
|   6|0x0000000705200000, 0x0000000705200000, 0x0000000705400000|  0%| F|  |TAMS 0x0000000705200000, 0x0000000705200000| Untracked 
|   7|0x0000000705400000, 0x0000000705400000, 0x0000000705600000|  0%| F|  |TAMS 0x0000000705400000, 0x0000000705400000| Untracked 
|   8|0x0000000705600000, 0x0000000705600000, 0x0000000705800000|  0%| F|  |TAMS 0x0000000705600000, 0x0000000705600000| Untracked 
|   9|0x0000000705800000, 0x0000000705800000, 0x0000000705a00000|  0%| F|  |TAMS 0x0000000705800000, 0x0000000705800000| Untracked 
|  10|0x0000000705a00000, 0x0000000705a00000, 0x0000000705c00000|  0%| F|  |TAMS 0x0000000705a00000, 0x0000000705a00000| Untracked 
|  11|0x0000000705c00000, 0x0000000705c00000, 0x0000000705e00000|  0%| F|  |TAMS 0x0000000705c00000, 0x0000000705c00000| Untracked 
|  12|0x0000000705e00000, 0x0000000705e00000, 0x0000000706000000|  0%| F|  |TAMS 0x0000000705e00000, 0x0000000705e00000| Untracked 
|  13|0x0000000706000000, 0x0000000706000000, 0x0000000706200000|  0%| F|  |TAMS 0x0000000706000000, 0x0000000706000000| Untracked 
|  14|0x0000000706200000, 0x0000000706200000, 0x0000000706400000|  0%| F|  |TAMS 0x0000000706200000, 0x0000000706200000| Untracked 
|  15|0x0000000706400000, 0x0000000706400000, 0x0000000706600000|  0%| F|  |TAMS 0x0000000706400000, 0x0000000706400000| Untracked 
|  16|0x0000000706600000, 0x0000000706600000, 0x0000000706800000|  0%| F|  |TAMS 0x0000000706600000, 0x0000000706600000| Untracked 
|  17|0x0000000706800000, 0x0000000706800000, 0x0000000706a00000|  0%| F|  |TAMS 0x0000000706800000, 0x0000000706800000| Untracked 
|  18|0x0000000706a00000, 0x0000000706a00000, 0x0000000706c00000|  0%| F|  |TAMS 0x0000000706a00000, 0x0000000706a00000| Untracked 
|  19|0x0000000706c00000, 0x0000000706c00000, 0x0000000706e00000|  0%| F|  |TAMS 0x0000000706c00000, 0x0000000706c00000| Untracked 
|  20|0x0000000706e00000, 0x0000000706e00000, 0x0000000707000000|  0%| F|  |TAMS 0x0000000706e00000, 0x0000000706e00000| Untracked 
|  21|0x0000000707000000, 0x0000000707000000, 0x0000000707200000|  0%| F|  |TAMS 0x0000000707000000, 0x0000000707000000| Untracked 
|  22|0x0000000707200000, 0x0000000707200000, 0x0000000707400000|  0%| F|  |TAMS 0x0000000707200000, 0x0000000707200000| Untracked 
|  23|0x0000000707400000, 0x0000000707400000, 0x0000000707600000|  0%| F|  |TAMS 0x0000000707400000, 0x0000000707400000| Untracked 
|  24|0x0000000707600000, 0x0000000707600000, 0x0000000707800000|  0%| F|  |TAMS 0x0000000707600000, 0x0000000707600000| Untracked 
|  25|0x0000000707800000, 0x0000000707800000, 0x0000000707a00000|  0%| F|  |TAMS 0x0000000707800000, 0x0000000707800000| Untracked 
|  26|0x0000000707a00000, 0x0000000707a00000, 0x0000000707c00000|  0%| F|  |TAMS 0x0000000707a00000, 0x0000000707a00000| Untracked 
|  27|0x0000000707c00000, 0x0000000707c00000, 0x0000000707e00000|  0%| F|  |TAMS 0x0000000707c00000, 0x0000000707c00000| Untracked 
|  28|0x0000000707e00000, 0x0000000707e00000, 0x0000000708000000|  0%| F|  |TAMS 0x0000000707e00000, 0x0000000707e00000| Untracked 
|  29|0x0000000708000000, 0x0000000708000000, 0x0000000708200000|  0%| F|  |TAMS 0x0000000708000000, 0x0000000708000000| Untracked 
|  30|0x0000000708200000, 0x0000000708200000, 0x0000000708400000|  0%| F|  |TAMS 0x0000000708200000, 0x0000000708200000| Untracked 
|  31|0x0000000708400000, 0x0000000708400000, 0x0000000708600000|  0%| F|  |TAMS 0x0000000708400000, 0x0000000708400000| Untracked 
|  32|0x0000000708600000, 0x0000000708600000, 0x0000000708800000|  0%| F|  |TAMS 0x0000000708600000, 0x0000000708600000| Untracked 
|  33|0x0000000708800000, 0x0000000708800000, 0x0000000708a00000|  0%| F|  |TAMS 0x0000000708800000, 0x0000000708800000| Untracked 
|  34|0x0000000708a00000, 0x0000000708a00000, 0x0000000708c00000|  0%| F|  |TAMS 0x0000000708a00000, 0x0000000708a00000| Untracked 
|  35|0x0000000708c00000, 0x0000000708c00000, 0x0000000708e00000|  0%| F|  |TAMS 0x0000000708c00000, 0x0000000708c00000| Untracked 
|  36|0x0000000708e00000, 0x0000000708e00000, 0x0000000709000000|  0%| F|  |TAMS 0x0000000708e00000, 0x0000000708e00000| Untracked 
|  37|0x0000000709000000, 0x0000000709000000, 0x0000000709200000|  0%| F|  |TAMS 0x0000000709000000, 0x0000000709000000| Untracked 
|  38|0x0000000709200000, 0x0000000709200000, 0x0000000709400000|  0%| F|  |TAMS 0x0000000709200000, 0x0000000709200000| Untracked 
|  39|0x0000000709400000, 0x0000000709400000, 0x0000000709600000|  0%| F|  |TAMS 0x0000000709400000, 0x0000000709400000| Untracked 
|  40|0x0000000709600000, 0x0000000709600000, 0x0000000709800000|  0%| F|  |TAMS 0x0000000709600000, 0x0000000709600000| Untracked 
|  41|0x0000000709800000, 0x0000000709800000, 0x0000000709a00000|  0%| F|  |TAMS 0x0000000709800000, 0x0000000709800000| Untracked 
|  42|0x0000000709a00000, 0x0000000709a00000, 0x0000000709c00000|  0%| F|  |TAMS 0x0000000709a00000, 0x0000000709a00000| Untracked 
|  43|0x0000000709c00000, 0x0000000709c00000, 0x0000000709e00000|  0%| F|  |TAMS 0x0000000709c00000, 0x0000000709c00000| Untracked 
|  44|0x0000000709e00000, 0x0000000709e00000, 0x000000070a000000|  0%| F|  |TAMS 0x0000000709e00000, 0x0000000709e00000| Untracked 
|  45|0x000000070a000000, 0x000000070a000000, 0x000000070a200000|  0%| F|  |TAMS 0x000000070a000000, 0x000000070a000000| Untracked 
|  46|0x000000070a200000, 0x000000070a200000, 0x000000070a400000|  0%| F|  |TAMS 0x000000070a200000, 0x000000070a200000| Untracked 
|  47|0x000000070a400000, 0x000000070a400000, 0x000000070a600000|  0%| F|  |TAMS 0x000000070a400000, 0x000000070a400000| Untracked 
|  48|0x000000070a600000, 0x000000070a600000, 0x000000070a800000|  0%| F|  |TAMS 0x000000070a600000, 0x000000070a600000| Untracked 
|  49|0x000000070a800000, 0x000000070a800000, 0x000000070aa00000|  0%| F|  |TAMS 0x000000070a800000, 0x000000070a800000| Untracked 
|  50|0x000000070aa00000, 0x000000070aa00000, 0x000000070ac00000|  0%| F|  |TAMS 0x000000070aa00000, 0x000000070aa00000| Untracked 
|  51|0x000000070ac00000, 0x000000070ac00000, 0x000000070ae00000|  0%| F|  |TAMS 0x000000070ac00000, 0x000000070ac00000| Untracked 
|  52|0x000000070ae00000, 0x000000070ae00000, 0x000000070b000000|  0%| F|  |TAMS 0x000000070ae00000, 0x000000070ae00000| Untracked 
|  53|0x000000070b000000, 0x000000070b000000, 0x000000070b200000|  0%| F|  |TAMS 0x000000070b000000, 0x000000070b000000| Untracked 
|  54|0x000000070b200000, 0x000000070b200000, 0x000000070b400000|  0%| F|  |TAMS 0x000000070b200000, 0x000000070b200000| Untracked 
|  55|0x000000070b400000, 0x000000070b400000, 0x000000070b600000|  0%| F|  |TAMS 0x000000070b400000, 0x000000070b400000| Untracked 
|  56|0x000000070b600000, 0x000000070b600000, 0x000000070b800000|  0%| F|  |TAMS 0x000000070b600000, 0x000000070b600000| Untracked 
|  57|0x000000070b800000, 0x000000070b800000, 0x000000070ba00000|  0%| F|  |TAMS 0x000000070b800000, 0x000000070b800000| Untracked 
|  58|0x000000070ba00000, 0x000000070ba00000, 0x000000070bc00000|  0%| F|  |TAMS 0x000000070ba00000, 0x000000070ba00000| Untracked 
|  59|0x000000070bc00000, 0x000000070bc00000, 0x000000070be00000|  0%| F|  |TAMS 0x000000070bc00000, 0x000000070bc00000| Untracked 
|  60|0x000000070be00000, 0x000000070be00000, 0x000000070c000000|  0%| F|  |TAMS 0x000000070be00000, 0x000000070be00000| Untracked 
|  61|0x000000070c000000, 0x000000070c000000, 0x000000070c200000|  0%| F|  |TAMS 0x000000070c000000, 0x000000070c000000| Untracked 
|  62|0x000000070c200000, 0x000000070c200000, 0x000000070c400000|  0%| F|  |TAMS 0x000000070c200000, 0x000000070c200000| Untracked 
|  63|0x000000070c400000, 0x000000070c400000, 0x000000070c600000|  0%| F|  |TAMS 0x000000070c400000, 0x000000070c400000| Untracked 
|  64|0x000000070c600000, 0x000000070c600000, 0x000000070c800000|  0%| F|  |TAMS 0x000000070c600000, 0x000000070c600000| Untracked 
|  65|0x000000070c800000, 0x000000070c800000, 0x000000070ca00000|  0%| F|  |TAMS 0x000000070c800000, 0x000000070c800000| Untracked 
|  66|0x000000070ca00000, 0x000000070ca00000, 0x000000070cc00000|  0%| F|  |TAMS 0x000000070ca00000, 0x000000070ca00000| Untracked 
|  67|0x000000070cc00000, 0x000000070cc00000, 0x000000070ce00000|  0%| F|  |TAMS 0x000000070cc00000, 0x000000070cc00000| Untracked 
|  68|0x000000070ce00000, 0x000000070ce00000, 0x000000070d000000|  0%| F|  |TAMS 0x000000070ce00000, 0x000000070ce00000| Untracked 
|  69|0x000000070d000000, 0x000000070d000000, 0x000000070d200000|  0%| F|  |TAMS 0x000000070d000000, 0x000000070d000000| Untracked 
|  70|0x000000070d200000, 0x000000070d200000, 0x000000070d400000|  0%| F|  |TAMS 0x000000070d200000, 0x000000070d200000| Untracked 
|  71|0x000000070d400000, 0x000000070d400000, 0x000000070d600000|  0%| F|  |TAMS 0x000000070d400000, 0x000000070d400000| Untracked 
|  72|0x000000070d600000, 0x000000070d600000, 0x000000070d800000|  0%| F|  |TAMS 0x000000070d600000, 0x000000070d600000| Untracked 
|  73|0x000000070d800000, 0x000000070d800000, 0x000000070da00000|  0%| F|  |TAMS 0x000000070d800000, 0x000000070d800000| Untracked 
|  74|0x000000070da00000, 0x000000070da00000, 0x000000070dc00000|  0%| F|  |TAMS 0x000000070da00000, 0x000000070da00000| Untracked 
|  75|0x000000070dc00000, 0x000000070dc00000, 0x000000070de00000|  0%| F|  |TAMS 0x000000070dc00000, 0x000000070dc00000| Untracked 
|  76|0x000000070de00000, 0x000000070de00000, 0x000000070e000000|  0%| F|  |TAMS 0x000000070de00000, 0x000000070de00000| Untracked 
|  77|0x000000070e000000, 0x000000070e000000, 0x000000070e200000|  0%| F|  |TAMS 0x000000070e000000, 0x000000070e000000| Untracked 
|  78|0x000000070e200000, 0x000000070e200000, 0x000000070e400000|  0%| F|  |TAMS 0x000000070e200000, 0x000000070e200000| Untracked 
|  79|0x000000070e400000, 0x000000070e400000, 0x000000070e600000|  0%| F|  |TAMS 0x000000070e400000, 0x000000070e400000| Untracked 
|  80|0x000000070e600000, 0x000000070e600000, 0x000000070e800000|  0%| F|  |TAMS 0x000000070e600000, 0x000000070e600000| Untracked 
|  81|0x000000070e800000, 0x000000070e800000, 0x000000070ea00000|  0%| F|  |TAMS 0x000000070e800000, 0x000000070e800000| Untracked 
|  82|0x000000070ea00000, 0x000000070ea00000, 0x000000070ec00000|  0%| F|  |TAMS 0x000000070ea00000, 0x000000070ea00000| Untracked 
|  83|0x000000070ec00000, 0x000000070ec00000, 0x000000070ee00000|  0%| F|  |TAMS 0x000000070ec00000, 0x000000070ec00000| Untracked 
|  84|0x000000070ee00000, 0x000000070ee00000, 0x000000070f000000|  0%| F|  |TAMS 0x000000070ee00000, 0x000000070ee00000| Untracked 
|  85|0x000000070f000000, 0x000000070f000000, 0x000000070f200000|  0%| F|  |TAMS 0x000000070f000000, 0x000000070f000000| Untracked 
|  86|0x000000070f200000, 0x000000070f200000, 0x000000070f400000|  0%| F|  |TAMS 0x000000070f200000, 0x000000070f200000| Untracked 
|  87|0x000000070f400000, 0x000000070f400000, 0x000000070f600000|  0%| F|  |TAMS 0x000000070f400000, 0x000000070f400000| Untracked 
|  88|0x000000070f600000, 0x000000070f600000, 0x000000070f800000|  0%| F|  |TAMS 0x000000070f600000, 0x000000070f600000| Untracked 
|  89|0x000000070f800000, 0x000000070f800000, 0x000000070fa00000|  0%| F|  |TAMS 0x000000070f800000, 0x000000070f800000| Untracked 
|  90|0x000000070fa00000, 0x000000070fa00000, 0x000000070fc00000|  0%| F|  |TAMS 0x000000070fa00000, 0x000000070fa00000| Untracked 
|  91|0x000000070fc00000, 0x000000070fc00000, 0x000000070fe00000|  0%| F|  |TAMS 0x000000070fc00000, 0x000000070fc00000| Untracked 
|  92|0x000000070fe00000, 0x000000070fe00000, 0x0000000710000000|  0%| F|  |TAMS 0x000000070fe00000, 0x000000070fe00000| Untracked 
|  93|0x0000000710000000, 0x0000000710000000, 0x0000000710200000|  0%| F|  |TAMS 0x0000000710000000, 0x0000000710000000| Untracked 
|  94|0x0000000710200000, 0x0000000710200000, 0x0000000710400000|  0%| F|  |TAMS 0x0000000710200000, 0x0000000710200000| Untracked 
|  95|0x0000000710400000, 0x0000000710400000, 0x0000000710600000|  0%| F|  |TAMS 0x0000000710400000, 0x0000000710400000| Untracked 
|  96|0x0000000710600000, 0x0000000710600000, 0x0000000710800000|  0%| F|  |TAMS 0x0000000710600000, 0x0000000710600000| Untracked 
|  97|0x0000000710800000, 0x0000000710800000, 0x0000000710a00000|  0%| F|  |TAMS 0x0000000710800000, 0x0000000710800000| Untracked 
|  98|0x0000000710a00000, 0x0000000710a00000, 0x0000000710c00000|  0%| F|  |TAMS 0x0000000710a00000, 0x0000000710a00000| Untracked 
|  99|0x0000000710c00000, 0x0000000710c00000, 0x0000000710e00000|  0%| F|  |TAMS 0x0000000710c00000, 0x0000000710c00000| Untracked 
| 100|0x0000000710e00000, 0x0000000710e00000, 0x0000000711000000|  0%| F|  |TAMS 0x0000000710e00000, 0x0000000710e00000| Untracked 
| 101|0x0000000711000000, 0x0000000711000000, 0x0000000711200000|  0%| F|  |TAMS 0x0000000711000000, 0x0000000711000000| Untracked 
| 102|0x0000000711200000, 0x0000000711200000, 0x0000000711400000|  0%| F|  |TAMS 0x0000000711200000, 0x0000000711200000| Untracked 
| 103|0x0000000711400000, 0x0000000711400000, 0x0000000711600000|  0%| F|  |TAMS 0x0000000711400000, 0x0000000711400000| Untracked 
| 104|0x0000000711600000, 0x0000000711600000, 0x0000000711800000|  0%| F|  |TAMS 0x0000000711600000, 0x0000000711600000| Untracked 
| 105|0x0000000711800000, 0x0000000711800000, 0x0000000711a00000|  0%| F|  |TAMS 0x0000000711800000, 0x0000000711800000| Untracked 
| 106|0x0000000711a00000, 0x0000000711a00000, 0x0000000711c00000|  0%| F|  |TAMS 0x0000000711a00000, 0x0000000711a00000| Untracked 
| 107|0x0000000711c00000, 0x0000000711c00000, 0x0000000711e00000|  0%| F|  |TAMS 0x0000000711c00000, 0x0000000711c00000| Untracked 
| 108|0x0000000711e00000, 0x0000000711e00000, 0x0000000712000000|  0%| F|  |TAMS 0x0000000711e00000, 0x0000000711e00000| Untracked 
| 109|0x0000000712000000, 0x0000000712000000, 0x0000000712200000|  0%| F|  |TAMS 0x0000000712000000, 0x0000000712000000| Untracked 
| 110|0x0000000712200000, 0x0000000712200000, 0x0000000712400000|  0%| F|  |TAMS 0x0000000712200000, 0x0000000712200000| Untracked 
| 111|0x0000000712400000, 0x0000000712400000, 0x0000000712600000|  0%| F|  |TAMS 0x0000000712400000, 0x0000000712400000| Untracked 
| 112|0x0000000712600000, 0x0000000712600000, 0x0000000712800000|  0%| F|  |TAMS 0x0000000712600000, 0x0000000712600000| Untracked 
| 113|0x0000000712800000, 0x000000071288aa80, 0x0000000712a00000| 27%| S|CS|TAMS 0x0000000712800000, 0x0000000712800000| Complete 
| 114|0x0000000712a00000, 0x0000000712c00000, 0x0000000712c00000|100%| S|CS|TAMS 0x0000000712a00000, 0x0000000712a00000| Complete 
| 115|0x0000000712c00000, 0x0000000712c00000, 0x0000000712e00000|  0%| F|  |TAMS 0x0000000712c00000, 0x0000000712c00000| Untracked 
| 116|0x0000000712e00000, 0x0000000712e00000, 0x0000000713000000|  0%| F|  |TAMS 0x0000000712e00000, 0x0000000712e00000| Untracked 
| 117|0x0000000713000000, 0x000000071317bba0, 0x0000000713200000| 74%| E|  |TAMS 0x0000000713000000, 0x0000000713000000| Complete 
| 118|0x0000000713200000, 0x0000000713400000, 0x0000000713400000|100%| E|CS|TAMS 0x0000000713200000, 0x0000000713200000| Complete 
| 119|0x0000000713400000, 0x0000000713600000, 0x0000000713600000|100%| E|CS|TAMS 0x0000000713400000, 0x0000000713400000| Complete 
| 120|0x0000000713600000, 0x0000000713800000, 0x0000000713800000|100%| E|CS|TAMS 0x0000000713600000, 0x0000000713600000| Complete 
| 121|0x0000000713800000, 0x0000000713a00000, 0x0000000713a00000|100%| E|CS|TAMS 0x0000000713800000, 0x0000000713800000| Complete 
| 122|0x0000000713a00000, 0x0000000713c00000, 0x0000000713c00000|100%| E|CS|TAMS 0x0000000713a00000, 0x0000000713a00000| Complete 
| 123|0x0000000713c00000, 0x0000000713e00000, 0x0000000713e00000|100%| E|CS|TAMS 0x0000000713c00000, 0x0000000713c00000| Complete 
| 124|0x0000000713e00000, 0x0000000714000000, 0x0000000714000000|100%| E|CS|TAMS 0x0000000713e00000, 0x0000000713e00000| Complete 
| 125|0x0000000714000000, 0x0000000714200000, 0x0000000714200000|100%| E|CS|TAMS 0x0000000714000000, 0x0000000714000000| Complete 

Card table byte_map: [0x000001ea31dd0000,0x000001ea325b0000] _byte_map_base: 0x000001ea2e5ad000

Marking Bits (Prev, Next): (CMBitMap*) 0x000001ea1e713370, (CMBitMap*) 0x000001ea1e7133b0
 Prev Bits: [0x000001ea32d90000, 0x000001ea36c78000)
 Next Bits: [0x000001ea36c80000, 0x000001ea3ab68000)

Polling page: 0x000001ea1c630000

Metaspace:

Usage:
  Non-class:     14.00 MB used.
      Class:      1.40 MB used.
       Both:     15.39 MB used.

Virtual space:
  Non-class space:       16.00 MB reserved,      14.06 MB ( 88%) committed,  2 nodes.
      Class space:        1.00 GB reserved,       1.50 MB ( <1%) committed,  1 nodes.
             Both:        1.02 GB reserved,      15.56 MB (  1%) committed. 

Chunk freelists:
   Non-Class:  1.94 MB
       Class:  2.55 MB
        Both:  4.48 MB

MaxMetaspaceSize: unlimited
CompressedClassSpaceSize: 1.00 GB
Initial GC threshold: 21.00 MB
Current GC threshold: 21.00 MB
CDS: off
MetaspaceReclaimPolicy: balanced
 - commit_granule_bytes: 65536.
 - commit_granule_words: 8192.
 - virtual_space_node_default_size: 1048576.
 - enlarge_chunks_in_place: 1.
 - new_chunks_are_fully_committed: 0.
 - uncommit_free_chunks: 1.
 - use_allocation_guard: 0.
 - handle_deallocations: 1.


Internal statistics:

num_allocs_failed_limit: 0.
num_arena_births: 42.
num_arena_deaths: 0.
num_vsnodes_births: 3.
num_vsnodes_deaths: 0.
num_space_committed: 249.
num_space_uncommitted: 0.
num_chunks_returned_to_freelist: 0.
num_chunks_taken_from_freelist: 212.
num_chunk_merges: 0.
num_chunk_splits: 131.
num_chunks_enlarged: 106.
num_purges: 0.
num_inconsistent_stats: 0.

CodeHeap 'non-profiled nmethods': size=119168Kb used=660Kb max_used=660Kb free=118507Kb
 bounds [0x000001ea29900000, 0x000001ea29b70000, 0x000001ea30d60000]
CodeHeap 'profiled nmethods': size=119104Kb used=2647Kb max_used=2647Kb free=116456Kb
 bounds [0x000001ea224b0000, 0x000001ea22750000, 0x000001ea29900000]
CodeHeap 'non-nmethods': size=7488Kb used=1258Kb max_used=3040Kb free=6229Kb
 bounds [0x000001ea21d60000, 0x000001ea22060000, 0x000001ea224b0000]
 total_blobs=1789 nmethods=1313 adapters=389
 compilation: enabled
              stopped_count=0, restarted_count=0
 full_count=0

Compilation events (20 events):
Event: 43.853 Thread 0x000001ea3e8d7460 1338       3       java.nio.ByteBuffer::position (6 bytes)
Event: 43.853 Thread 0x000001ea3e8d7460 nmethod 1338 0x000001ea2273f690 code [0x000001ea2273f840, 0x000001ea2273fa28]
Event: 101.685 Thread 0x000001ea3e8d7460 1339       3       java.nio.CharBuffer::position (8 bytes)
Event: 101.686 Thread 0x000001ea3e8d7460 nmethod 1339 0x000001ea2273fb10 code [0x000001ea2273fca0, 0x000001ea2273fde8]
Event: 112.443 Thread 0x000001ea3e8d7460 1340       3       java.nio.CharBuffer::position (6 bytes)
Event: 112.444 Thread 0x000001ea3e8d7460 nmethod 1340 0x000001ea2273fe90 code [0x000001ea22740040, 0x000001ea227401e8]
Event: 180.963 Thread 0x000001ea3e8d7460 1341       3       jdk.internal.loader.BuiltinClassLoader::hasClassPath (13 bytes)
Event: 180.964 Thread 0x000001ea3e8d7460 nmethod 1341 0x000001ea22740290 code [0x000001ea22740420, 0x000001ea22740598]
Event: 321.211 Thread 0x000001ea3e8d7460 1342       3       java.lang.ref.ReferenceQueue::reallyPoll (65 bytes)
Event: 321.212 Thread 0x000001ea3e8d7460 nmethod 1342 0x000001ea22740610 code [0x000001ea227407e0, 0x000001ea22740d38]
Event: 391.294 Thread 0x000001ea3e8d7460 1343       3       jdk.internal.module.Resources::toPackageName (39 bytes)
Event: 391.295 Thread 0x000001ea3e8d7460 nmethod 1343 0x000001ea22740e10 code [0x000001ea22741040, 0x000001ea227416d8]
Event: 396.298 Thread 0x000001ea3e8d7460 1344   !   3       jdk.internal.loader.BuiltinClassLoader::findMiscResource (122 bytes)
Event: 396.301 Thread 0x000001ea3e8d7460 nmethod 1344 0x000001ea22741990 code [0x000001ea22741c40, 0x000001ea22742e68]
Event: 401.313 Thread 0x000001ea3e8d7460 1345   !   3       jdk.internal.loader.URLClassPath::checkURL (16 bytes)
Event: 401.313 Thread 0x000001ea3e8d7460 nmethod 1345 0x000001ea22743390 code [0x000001ea22743540, 0x000001ea22743708]
Event: 401.313 Thread 0x000001ea3e8d7460 1346       3       jdk.internal.loader.BuiltinClassLoader::checkURL (5 bytes)
Event: 401.314 Thread 0x000001ea3e8d7460 nmethod 1346 0x000001ea22743810 code [0x000001ea227439c0, 0x000001ea22743bc8]
Event: 401.314 Thread 0x000001ea3e8d7460 1347   !   3       jdk.internal.loader.BuiltinClassLoader::findResource (154 bytes)
Event: 401.316 Thread 0x000001ea3e8d7460 nmethod 1347 0x000001ea22743c90 code [0x000001ea22744000, 0x000001ea227454c8]

GC Heap History (2 events):
Event: 1.100 GC heap before
{Heap before GC invocations=0 (full 0):
 garbage-first heap   total 258048K, used 20480K [0x0000000704600000, 0x0000000800000000)
  region size 2048K, 11 young (22528K), 0 survivors (0K)
 Metaspace       used 12179K, committed 12352K, reserved 1064960K
  class space    used 1064K, committed 1152K, reserved 1048576K
}
Event: 1.104 GC heap after
{Heap after GC invocations=1 (full 0):
 garbage-first heap   total 258048K, used 2602K [0x0000000704600000, 0x0000000800000000)
  region size 2048K, 2 young (4096K), 2 survivors (4096K)
 Metaspace       used 12179K, committed 12352K, reserved 1064960K
  class space    used 1064K, committed 1152K, reserved 1048576K
}

Deoptimization events (20 events):
Event: 1.514 Thread 0x000001ea1e6a7ff0 Uncommon trap: trap_request=0xffffff45 fr.pc=0x000001ea29916048 relative=0x0000000000000048
Event: 1.515 Thread 0x000001ea1e6a7ff0 Uncommon trap: reason=unstable_if action=reinterpret pc=0x000001ea29916048 method=java.lang.CharacterData.of(I)Ljava/lang/CharacterData; @ 4 c2
Event: 1.515 Thread 0x000001ea1e6a7ff0 DEOPT PACKING pc=0x000001ea29916048 sp=0x000000bb271fe290
Event: 1.515 Thread 0x000001ea1e6a7ff0 DEOPT UNPACKING pc=0x000001ea21db5c23 sp=0x000000bb271fe230 mode 2
Event: 1.537 Thread 0x000001ea1e6a7ff0 Uncommon trap: trap_request=0xffffff45 fr.pc=0x000001ea299790fc relative=0x00000000000015dc
Event: 1.537 Thread 0x000001ea1e6a7ff0 Uncommon trap: reason=unstable_if action=reinterpret pc=0x000001ea299790fc method=java.util.HashMap.hash(Ljava/lang/Object;)I @ 1 c2
Event: 1.537 Thread 0x000001ea1e6a7ff0 DEOPT PACKING pc=0x000001ea299790fc sp=0x000000bb271fe480
Event: 1.537 Thread 0x000001ea1e6a7ff0 DEOPT UNPACKING pc=0x000001ea21db5c23 sp=0x000000bb271fe440 mode 2
Event: 1.537 Thread 0x000001ea1e6a7ff0 Uncommon trap: trap_request=0xffffff45 fr.pc=0x000001ea2993f31c relative=0x000000000000009c
Event: 1.537 Thread 0x000001ea1e6a7ff0 Uncommon trap: reason=unstable_if action=reinterpret pc=0x000001ea2993f31c method=java.util.HashMap.hash(Ljava/lang/Object;)I @ 1 c2
Event: 1.537 Thread 0x000001ea1e6a7ff0 DEOPT PACKING pc=0x000001ea2993f31c sp=0x000000bb271fe4b0
Event: 1.537 Thread 0x000001ea1e6a7ff0 DEOPT UNPACKING pc=0x000001ea21db5c23 sp=0x000000bb271fe448 mode 2
Event: 1.551 Thread 0x000001ea1e6a7ff0 Uncommon trap: trap_request=0xffffff45 fr.pc=0x000001ea29938110 relative=0x00000000000006d0
Event: 1.551 Thread 0x000001ea1e6a7ff0 Uncommon trap: reason=unstable_if action=reinterpret pc=0x000001ea29938110 method=java.lang.AbstractStringBuilder.append(Ljava/lang/String;)Ljava/lang/AbstractStringBuilder; @ 1 c2
Event: 1.552 Thread 0x000001ea1e6a7ff0 DEOPT PACKING pc=0x000001ea29938110 sp=0x000000bb271ff230
Event: 1.552 Thread 0x000001ea1e6a7ff0 DEOPT UNPACKING pc=0x000001ea21db5c23 sp=0x000000bb271ff1f0 mode 2
Event: 1.552 Thread 0x000001ea1e6a7ff0 Uncommon trap: trap_request=0xffffff45 fr.pc=0x000001ea2995790c relative=0x00000000000006cc
Event: 1.552 Thread 0x000001ea1e6a7ff0 Uncommon trap: reason=unstable_if action=reinterpret pc=0x000001ea2995790c method=java.lang.AbstractStringBuilder.append(Ljava/lang/String;)Ljava/lang/AbstractStringBuilder; @ 1 c2
Event: 1.553 Thread 0x000001ea1e6a7ff0 DEOPT PACKING pc=0x000001ea2995790c sp=0x000000bb271ff1e0
Event: 1.553 Thread 0x000001ea1e6a7ff0 DEOPT UNPACKING pc=0x000001ea21db5c23 sp=0x000000bb271ff1f8 mode 2

Classes unloaded (0 events):
No events

Classes redefined (2 events):
Event: 305.267 Thread 0x000001ea3dc0ecf0 redefined class name=personnel.Employe, count=1
Event: 403.825 Thread 0x000001ea3dc0ecf0 redefined class name=jdbc.JDBC, count=1

Internal exceptions (11 events):
Event: 0.880 Thread 0x000001ea1e6a7ff0 Exception <a 'java/lang/NoSuchMethodError'{0x000000071374db80}: 'java.lang.Object java.lang.invoke.DirectMethodHandle$Holder.invokeStaticInit(java.lang.Object)'> (0x000000071374db80) 
thrown [s\src\hotspot\share\interpreter\linkResolver.cpp, line 759]
Event: 0.881 Thread 0x000001ea1e6a7ff0 Exception <a 'java/lang/NoSuchMethodError'{0x0000000713754860}: 'java.lang.Object java.lang.invoke.DirectMethodHandle$Holder.invokeInterface(java.lang.Object, java.lang.Object)'> (0x0000000713754860) 
thrown [s\src\hotspot\share\interpreter\linkResolver.cpp, line 759]
Event: 0.910 Thread 0x000001ea1e6a7ff0 Exception <a 'java/lang/NoSuchMethodError'{0x00000007137ddf80}: 'void java.lang.invoke.DirectMethodHandle$Holder.invokeSpecial(java.lang.Object, java.lang.Object, java.lang.Object)'> (0x00000007137ddf80) 
thrown [s\src\hotspot\share\interpreter\linkResolver.cpp, line 759]
Event: 0.915 Thread 0x000001ea1e6a7ff0 Exception <a 'java/lang/NoSuchMethodError'{0x00000007137e5610}: 'void java.lang.invoke.DirectMethodHandle$Holder.invokeStatic(java.lang.Object, java.lang.Object, java.lang.Object)'> (0x00000007137e5610) 
thrown [s\src\hotspot\share\interpreter\linkResolver.cpp, line 759]
Event: 0.919 Thread 0x000001ea1e6a7ff0 Exception <a 'java/lang/NoSuchMethodError'{0x00000007134307b8}: 'java.lang.Object java.lang.invoke.DirectMethodHandle$Holder.invokeVirtual(java.lang.Object, java.lang.Object, java.lang.Object)'> (0x00000007134307b8) 
thrown [s\src\hotspot\share\interpreter\linkResolver.cpp, line 759]
Event: 1.164 Thread 0x000001ea1e6a7ff0 Exception <a 'java/lang/NoSuchMethodError'{0x00000007141607b0}: 'void java.lang.invoke.DirectMethodHandle$Holder.invokeStatic(java.lang.Object, java.lang.Object)'> (0x00000007141607b0) 
thrown [s\src\hotspot\share\interpreter\linkResolver.cpp, line 759]
Event: 1.537 Thread 0x000001ea1e6a7ff0 Implicit null exception at 0x000001ea29977b64 to 0x000001ea299790e1
Event: 1.537 Thread 0x000001ea1e6a7ff0 Implicit null exception at 0x000001ea2993f28f to 0x000001ea2993f30d
Event: 1.551 Thread 0x000001ea1e6a7ff0 Implicit null exception at 0x000001ea29937a77 to 0x000001ea299380f4
Event: 1.552 Thread 0x000001ea1e6a7ff0 Implicit null exception at 0x000001ea29957277 to 0x000001ea299578f4
Event: 4.892 Thread 0x000001ea1e6a7ff0 Exception <a 'java/lang/NoSuchMethodError'{0x000000071333e710}: 'void java.lang.invoke.DirectMethodHandle$Holder.invokeStaticInit(java.lang.Object)'> (0x000000071333e710) 
thrown [s\src\hotspot\share\interpreter\linkResolver.cpp, line 759]

VM Operations (20 events):
Event: 5.547 Executing VM operation: Cleanup
Event: 5.547 Executing VM operation: Cleanup done
Event: 43.880 Executing VM operation: Cleanup
Event: 43.880 Executing VM operation: Cleanup done
Event: 63.521 Executing VM operation: ChangeBreakpoints
Event: 63.522 Executing VM operation: ChangeBreakpoints done
Event: 65.124 Executing VM operation: ChangeBreakpoints
Event: 65.124 Executing VM operation: ChangeBreakpoints done
Event: 88.429 Executing VM operation: ChangeBreakpoints
Event: 88.430 Executing VM operation: ChangeBreakpoints done
Event: 90.632 Executing VM operation: ChangeBreakpoints
Event: 90.632 Executing VM operation: ChangeBreakpoints done
Event: 91.851 Executing VM operation: ChangeBreakpoints
Event: 91.852 Executing VM operation: ChangeBreakpoints done
Event: 305.265 Executing VM operation: RedefineClasses
Event: 305.269 Executing VM operation: RedefineClasses done
Event: 340.127 Executing VM operation: ChangeBreakpoints
Event: 340.128 Executing VM operation: ChangeBreakpoints done
Event: 403.823 Executing VM operation: RedefineClasses
Event: 403.829 Executing VM operation: RedefineClasses done

Events (20 events):
Event: 1.554 loading class java/time/Month done
Event: 1.554 loading class java/time/Year
Event: 1.554 loading class java/time/Year done
Event: 1.554 loading class java/time/Month$1
Event: 1.554 loading class java/time/Month$1 done
Event: 4.886 Thread 0x000001ea3eb1c470 Thread exited: 0x000001ea3eb1c470
Event: 4.887 Thread 0x000001ea3eae6bb0 Thread exited: 0x000001ea3eae6bb0
Event: 4.887 Thread 0x000001ea3ea84030 Thread exited: 0x000001ea3ea84030
Event: 4.903 loading class java/util/Stack
Event: 4.903 loading class java/util/Stack done
Event: 4.904 loading class java/util/TreeMap$Values
Event: 4.905 loading class java/util/TreeMap$Values done
Event: 4.905 loading class java/util/TreeMap$ValueIterator
Event: 4.905 loading class java/util/TreeMap$ValueIterator done
Event: 7.875 Thread 0x000001ea40156a50 Thread exited: 0x000001ea40156a50
Event: 7.875 Thread 0x000001ea3ea855c0 Thread exited: 0x000001ea3ea855c0
Event: 8.185 loading class java/util/Collections$UnmodifiableSortedSet
Event: 8.185 loading class java/util/Collections$UnmodifiableSortedSet done
Event: 8.188 Thread 0x000001ea3ea855c0 Thread added: 0x000001ea3ea855c0
Event: 17.902 Thread 0x000001ea3ea855c0 Thread exited: 0x000001ea3ea855c0


Dynamic libraries:
0x00007ff620530000 - 0x00007ff62053e000 	C:\Users\basti\.p2\pool\plugins\org.eclipse.justj.openjdk.hotspot.jre.full.win32.x86_64_17.0.4.v20220903-1038\jre\bin\javaw.exe
0x00007fff94fd0000 - 0x00007fff951e6000 	C:\WINDOWS\SYSTEM32\ntdll.dll
0x00007fff93f10000 - 0x00007fff93fd4000 	C:\WINDOWS\System32\KERNEL32.DLL
0x00007fff92310000 - 0x00007fff926b6000 	C:\WINDOWS\System32\KERNELBASE.dll
0x00007fff926c0000 - 0x00007fff927d1000 	C:\WINDOWS\System32\ucrtbase.dll
0x00007fff8d250000 - 0x00007fff8d268000 	C:\Users\basti\.p2\pool\plugins\org.eclipse.justj.openjdk.hotspot.jre.full.win32.x86_64_17.0.4.v20220903-1038\jre\bin\jli.dll
0x00007fff82c20000 - 0x00007fff82c39000 	C:\Users\basti\.p2\pool\plugins\org.eclipse.justj.openjdk.hotspot.jre.full.win32.x86_64_17.0.4.v20220903-1038\jre\bin\VCRUNTIME140.dll
0x00007fff930f0000 - 0x00007fff9329d000 	C:\WINDOWS\System32\USER32.dll
0x00007fff92cf0000 - 0x00007fff92d16000 	C:\WINDOWS\System32\win32u.dll
0x00007fff74b10000 - 0x00007fff74da3000 	C:\WINDOWS\WinSxS\amd64_microsoft.windows.common-controls_6595b64144ccf1df_6.0.22621.3235_none_270f74e173860f98\COMCTL32.dll
0x00007fff930c0000 - 0x00007fff930e9000 	C:\WINDOWS\System32\GDI32.dll
0x00007fff94120000 - 0x00007fff941c7000 	C:\WINDOWS\System32\msvcrt.dll
0x00007fff92950000 - 0x00007fff92a68000 	C:\WINDOWS\System32\gdi32full.dll
0x00007fff92ae0000 - 0x00007fff92b7a000 	C:\WINDOWS\System32\msvcp_win.dll
0x00007fff93c70000 - 0x00007fff93ca1000 	C:\WINDOWS\System32\IMM32.DLL
0x00007fff8d300000 - 0x00007fff8d30c000 	C:\Users\basti\.p2\pool\plugins\org.eclipse.justj.openjdk.hotspot.jre.full.win32.x86_64_17.0.4.v20220903-1038\jre\bin\vcruntime140_1.dll
0x00007fff57570000 - 0x00007fff57601000 	C:\Users\basti\.p2\pool\plugins\org.eclipse.justj.openjdk.hotspot.jre.full.win32.x86_64_17.0.4.v20220903-1038\jre\bin\msvcp140.dll
0x00007fff0c800000 - 0x00007fff0d446000 	C:\Users\basti\.p2\pool\plugins\org.eclipse.justj.openjdk.hotspot.jre.full.win32.x86_64_17.0.4.v20220903-1038\jre\bin\server\jvm.dll
0x00007fff933c0000 - 0x00007fff93472000 	C:\WINDOWS\System32\ADVAPI32.dll
0x00007fff93670000 - 0x00007fff93718000 	C:\WINDOWS\System32\sechost.dll
0x00007fff92860000 - 0x00007fff92888000 	C:\WINDOWS\System32\bcrypt.dll
0x00007fff94e70000 - 0x00007fff94f85000 	C:\WINDOWS\System32\RPCRT4.dll
0x00007fff94e60000 - 0x00007fff94e68000 	C:\WINDOWS\System32\PSAPI.DLL
0x00007fff8ae80000 - 0x00007fff8ae89000 	C:\WINDOWS\SYSTEM32\WSOCK32.dll
0x00007fff8a7c0000 - 0x00007fff8a7f4000 	C:\WINDOWS\SYSTEM32\WINMM.dll
0x00007fff8ae70000 - 0x00007fff8ae7a000 	C:\WINDOWS\SYSTEM32\VERSION.dll
0x00007fff93e90000 - 0x00007fff93f01000 	C:\WINDOWS\System32\WS2_32.dll
0x00007fff91420000 - 0x00007fff91438000 	C:\WINDOWS\SYSTEM32\kernel.appcore.dll
0x00007fff8ac10000 - 0x00007fff8ac1a000 	C:\Users\basti\.p2\pool\plugins\org.eclipse.justj.openjdk.hotspot.jre.full.win32.x86_64_17.0.4.v20220903-1038\jre\bin\jimage.dll
0x00007fff8f660000 - 0x00007fff8f893000 	C:\WINDOWS\SYSTEM32\DBGHELP.DLL
0x00007fff92d30000 - 0x00007fff930b8000 	C:\WINDOWS\System32\combase.dll
0x00007fff94040000 - 0x00007fff94117000 	C:\WINDOWS\System32\OLEAUT32.dll
0x00007fff833e0000 - 0x00007fff83412000 	C:\WINDOWS\SYSTEM32\dbgcore.DLL
0x00007fff927e0000 - 0x00007fff9285a000 	C:\WINDOWS\System32\bcryptPrimitives.dll
0x00007fff79650000 - 0x00007fff7968b000 	C:\Users\basti\.p2\pool\plugins\org.eclipse.justj.openjdk.hotspot.jre.full.win32.x86_64_17.0.4.v20220903-1038\jre\bin\jdwp.dll
0x00007fff83ca0000 - 0x00007fff83cae000 	C:\Users\basti\.p2\pool\plugins\org.eclipse.justj.openjdk.hotspot.jre.full.win32.x86_64_17.0.4.v20220903-1038\jre\bin\instrument.dll
0x00007fff7fb90000 - 0x00007fff7fbb5000 	C:\Users\basti\.p2\pool\plugins\org.eclipse.justj.openjdk.hotspot.jre.full.win32.x86_64_17.0.4.v20220903-1038\jre\bin\java.dll
0x00007fff799e0000 - 0x00007fff799f8000 	C:\Users\basti\.p2\pool\plugins\org.eclipse.justj.openjdk.hotspot.jre.full.win32.x86_64_17.0.4.v20220903-1038\jre\bin\zip.dll
0x00007fff942d0000 - 0x00007fff94b2d000 	C:\WINDOWS\System32\SHELL32.dll
0x00007fff90230000 - 0x00007fff90b28000 	C:\WINDOWS\SYSTEM32\windows.storage.dll
0x00007fff900f0000 - 0x00007fff9022e000 	C:\WINDOWS\SYSTEM32\wintypes.dll
0x00007fff932b0000 - 0x00007fff933a3000 	C:\WINDOWS\System32\SHCORE.dll
0x00007fff93c10000 - 0x00007fff93c6e000 	C:\WINDOWS\System32\shlwapi.dll
0x00007fff92240000 - 0x00007fff92266000 	C:\WINDOWS\SYSTEM32\profapi.dll
0x00007fff82be0000 - 0x00007fff82bec000 	C:\Users\basti\.p2\pool\plugins\org.eclipse.justj.openjdk.hotspot.jre.full.win32.x86_64_17.0.4.v20220903-1038\jre\bin\dt_socket.dll
0x00007fff90e40000 - 0x00007fff90e6d000 	C:\WINDOWS\SYSTEM32\IPHLPAPI.DLL
0x00007fff918c0000 - 0x00007fff91929000 	C:\WINDOWS\system32\mswsock.dll
0x00007fff90ec0000 - 0x00007fff90fb9000 	C:\WINDOWS\SYSTEM32\DNSAPI.dll
0x00007fff92d20000 - 0x00007fff92d29000 	C:\WINDOWS\System32\NSI.dll
0x00007fff8ae90000 - 0x00007fff8ae9a000 	C:\Windows\System32\rasadhlp.dll
0x00007fff8b050000 - 0x00007fff8b0d3000 	C:\WINDOWS\System32\fwpuclnt.dll
0x00007fff799c0000 - 0x00007fff799d9000 	C:\Users\basti\.p2\pool\plugins\org.eclipse.justj.openjdk.hotspot.jre.full.win32.x86_64_17.0.4.v20220903-1038\jre\bin\net.dll
0x00007fff8c810000 - 0x00007fff8c947000 	C:\WINDOWS\SYSTEM32\WINHTTP.dll
0x00007fff79960000 - 0x00007fff79975000 	C:\Users\basti\.p2\pool\plugins\org.eclipse.justj.openjdk.hotspot.jre.full.win32.x86_64_17.0.4.v20220903-1038\jre\bin\nio.dll
0x00007fff8ac00000 - 0x00007fff8ac10000 	C:\Users\basti\.p2\pool\plugins\org.eclipse.justj.openjdk.hotspot.jre.full.win32.x86_64_17.0.4.v20220903-1038\jre\bin\verify.dll

dbghelp: loaded successfully - version: 4.0.5 - missing functions: none
symbol engine: initialized successfully - sym options: 0x614 - pdb path: .;C:\Users\basti\.p2\pool\plugins\org.eclipse.justj.openjdk.hotspot.jre.full.win32.x86_64_17.0.4.v20220903-1038\jre\bin;C:\WINDOWS\SYSTEM32;C:\WINDOWS\WinSxS\amd64_microsoft.windows.common-controls_6595b64144ccf1df_6.0.22621.3235_none_270f74e173860f98;C:\Users\basti\.p2\pool\plugins\org.eclipse.justj.openjdk.hotspot.jre.full.win32.x86_64_17.0.4.v20220903-1038\jre\bin\server

VM Arguments:
jvm_args: -XX:+ShowCodeDetailsInExceptionMessages -agentlib:jdwp=transport=dt_socket,suspend=y,address=localhost:63545 -javaagent:C:\Users\basti\eclipse\java-2022-09\eclipse\configuration\org.eclipse.osgi\652\0\.cp\lib\javaagent-shaded.jar -Dfile.encoding=UTF-8 -Dstdout.encoding=UTF-8 -Dstderr.encoding=UTF-8 
java_command: commandLine.PersonnelConsole
java_class_path (initial): C:\Users\basti\Documents\ITIC\Developpement\personnel-master\Personnel\target\classes;C:\Users\basti\.p2\pool\plugins\junit-jupiter-api_5.10.1.jar;C:\Users\basti\.p2\pool\plugins\junit-jupiter-engine_5.10.1.jar;C:\Users\basti\.p2\pool\plugins\junit-jupiter-migrationsupport_5.10.1.jar;C:\Users\basti\.p2\pool\plugins\junit-jupiter-params_5.10.1.jar;C:\Users\basti\.p2\pool\plugins\junit-platform-commons_1.10.1.jar;C:\Users\basti\.p2\pool\plugins\junit-platform-engine_1.10.1.jar;C:\Users\basti\.p2\pool\plugins\junit-platform-launcher_1.10.1.jar;C:\Users\basti\.p2\pool\plugins\junit-platform-runner_1.10.1.jar;C:\Users\basti\.p2\pool\plugins\junit-platform-suite-api_1.10.1.jar;C:\Users\basti\.p2\pool\plugins\junit-platform-suite-engine_1.10.1.jar;C:\Users\basti\.p2\pool\plugins\junit-platform-suite-commons_1.10.1.jar;C:\Users\basti\.p2\pool\plugins\junit-vintage-engine_5.10.1.jar;C:\Users\basti\.p2\pool\plugins\org.opentest4j_1.3.0.jar;C:\Users\basti\.p2\pool\plugins\org.apiguardian.api_1.1.2.jar;C:\Users\basti\.p2\pool\plugins\org.junit_4.13.2.v20230809-1000.jar;C:\Users\basti\.p2\pool\plugins\org.hamcrest_2.2.0.jar;C:\Users\basti\.p2\pool\plugins\org.hamcrest.core_2.2.0.v20230809-1000.jar;C:\Users\basti\.m2\repository\mysql\mysql-connector-java\8.0.16\mysql-connector-java-8.0.16.jar;C:\Users\basti\.m2\repository\com\google\protobuf\protobuf-java\3.6.1\protobuf-java-3.6.1.jar;C:\Users\basti\.m2\repository\CommandLineMenus\CommandLineMenus\2.0\CommandLineMenus-2.0.jar
Launcher Type: SUN_STANDARD

[Global flags]
     intx CICompilerCount                          = 12                                        {product} {ergonomic}
     uint ConcGCThreads                            = 3                                         {product} {ergonomic}
     uint G1ConcRefinementThreads                  = 13                                        {product} {ergonomic}
   size_t G1HeapRegionSize                         = 2097152                                   {product} {ergonomic}
    uintx GCDrainStackTargetSize                   = 64                                        {product} {ergonomic}
   size_t InitialHeapSize                          = 264241152                                 {product} {ergonomic}
   size_t MarkStackSize                            = 4194304                                   {product} {ergonomic}
   size_t MaxHeapSize                              = 4221566976                                {product} {ergonomic}
   size_t MaxNewSize                               = 2531262464                                {product} {ergonomic}
   size_t MinHeapDeltaBytes                        = 2097152                                   {product} {ergonomic}
   size_t MinHeapSize                              = 8388608                                   {product} {ergonomic}
    uintx NonNMethodCodeHeapSize                   = 7602480                                {pd product} {ergonomic}
    uintx NonProfiledCodeHeapSize                  = 122027880                              {pd product} {ergonomic}
    uintx ProfiledCodeHeapSize                     = 122027880                              {pd product} {ergonomic}
    uintx ReservedCodeCacheSize                    = 251658240                              {pd product} {ergonomic}
     bool SegmentedCodeCache                       = true                                      {product} {ergonomic}
     bool ShowCodeDetailsInExceptionMessages       = true                                   {manageable} {command line}
   size_t SoftMaxHeapSize                          = 4221566976                             {manageable} {ergonomic}
     bool UseCompressedClassPointers               = true                           {product lp64_product} {ergonomic}
     bool UseCompressedOops                        = true                           {product lp64_product} {ergonomic}
     bool UseG1GC                                  = true                                      {product} {ergonomic}
     bool UseLargePagesIndividualAllocation        = false                                  {pd product} {ergonomic}

Logging:
Log output configuration:
 #0: stdout all=warning uptime,level,tags
 #1: stderr all=off uptime,level,tags

Environment Variables:
PATH=C:\Users\basti\.p2\pool\plugins\org.eclipse.justj.openjdk.hotspot.jre.full.win32.x86_64_17.0.4.v20220903-1038\jre\bin;C:/Users/basti/.p2/pool/plugins/org.eclipse.justj.openjdk.hotspot.jre.full.win32.x86_64_17.0.4.v20220903-1038/jre/bin/server;C:/Users/basti/.p2/pool/plugins/org.eclipse.justj.openjdk.hotspot.jre.full.win32.x86_64_17.0.4.v20220903-1038/jre/bin;C:\Program Files (x86)\Common Files\Oracle\Java\javapath;C:\Python312\Scripts\;C:\Python312\;C:\Python311\Scripts\;C:\Python311\;C:\Windows\system32;C:\Windows;C:\Windows\System32\Wbem;C:\Windows\System32\WindowsPowerShell\v1.0\;C:\Windows\System32\OpenSSH\;C:\Program Files (x86)\NVIDIA Corporation\PhysX\Common;C:\Program Files\NVIDIA Corporation\NVIDIA NvDLISR;C:\Program Files\dotnet\;C:\Program Files\Microsoft SQL Server\150\Tools\Binn\;C:\Program Files\Microsoft SQL Server\Client SDK\ODBC\170\Tools\Binn\;C:\WINDOWS\system32;C:\WINDOWS;C:\WINDOWS\System32\Wbem;C:\WINDOWS\System32\WindowsPowerShell\v1.0\;C:\WINDOWS\System32\OpenSSH\;C:\Program Files\Git\cmd;C:\ProgramData\chocolatey\bin;C:\Program Files\nodejs\;C:\xampp\php;C:\composer;C:\Users\basti\AppData\Roaming\Composer\vendor\bin;C:\WINDOWS\system32;
USERNAME=basti
OS=Windows_NT
PROCESSOR_IDENTIFIER=Intel64 Family 6 Model 141 Stepping 1, GenuineIntel
TMP=C:\Users\basti\AppData\Local\Temp
TEMP=C:\Users\basti\AppData\Local\Temp



---------------  S Y S T E M  ---------------

OS:
 Windows 11 , 64 bit Build 22621 (10.0.22621.3235)
OS uptime: 6 days 8:15 hours
Hyper-V role detected

CPU: total 16 (initial active 16) (8 cores per cpu, 2 threads per core) family 6 model 141 stepping 1 microcode 0x4e, cx8, cmov, fxsr, ht, mmx, 3dnowpref, sse, sse2, sse3, ssse3, sse4.1, sse4.2, popcnt, lzcnt, tsc, tscinvbit, avx, avx2, aes, erms, clmul, bmi1, bmi2, adx, avx512f, avx512dq, avx512cd, avx512bw, avx512vl, sha, fma, vzeroupper, avx512_vpopcntdq, avx512_vpclmulqdq, avx512_vaes, avx512_vnni, clflush, clflushopt, clwb, avx512_vbmi2, avx512_vbmi, hv

Memory: 4k page, system-wide physical 16103M (5675M free)
TotalPageFile size 25397M (AvailPageFile size 6672M)
current process WorkingSet (physical memory assigned to process): 82M, peak: 139M
current process commit charge ("private bytes"): 362M, peak: 420M

vm_info: OpenJDK 64-Bit Server VM (17.0.4.1+1) for windows-amd64 JRE (17.0.4.1+1), built on Aug 17 2022 07:42:43 by "temurin" with MS VC++ 16.7 (VS2019)

END.
