#
# A fatal error has been detected by the Java Runtime Environment:
#
#  EXCEPTION_ACCESS_VIOLATION (0xc0000005) at pc=0x00007fff0cf9fa2a, pid=18640, tid=47308
#
# JRE version: OpenJDK Runtime Environment Temurin-17.0.4.1+1 (17.0.4.1+1) (build 17.0.4.1+1)
# Java VM: OpenJDK 64-Bit Server VM Temurin-17.0.4.1+1 (17.0.4.1+1, mixed mode, tiered, compressed oops, compressed class ptrs, g1 gc, windows-amd64)
# Problematic frame:
# V  [jvm.dll+0x79fa2a]
#
# No core dump will be written. Minidumps are not enabled by default on client versions of Windows
#
# If you would like to submit a bug report, please visit:
#   https://github.com/adoptium/adoptium-support/issues
#

---------------  S U M M A R Y ------------

Command Line: -XX:+ShowCodeDetailsInExceptionMessages -agentlib:jdwp=transport=dt_socket,suspend=y,address=localhost:63930 -javaagent:C:\Users\basti\eclipse\java-2022-09\eclipse\configuration\org.eclipse.osgi\652\0\.cp\lib\javaagent-shaded.jar -Dfile.encoding=UTF-8 -Dstdout.encoding=UTF-8 -Dstderr.encoding=UTF-8 commandLine.PersonnelConsole

Host: 11th Gen Intel(R) Core(TM) i7-11800H @ 2.30GHz, 16 cores, 15G,  Windows 11 , 64 bit Build 22621 (10.0.22621.3235)
Time: Fri Mar 22 00:11:14 2024 Paris, Madrid elapsed time: 2350.005433 seconds (0d 0h 39m 10s)

---------------  T H R E A D  ---------------

Current thread (0x000001ab8b82c080):  JavaThread "JDWP Transport Listener: dt_socket" daemon [_thread_in_vm, id=47308, stack(0x00000097f1100000,0x00000097f1200000)]

Stack: [0x00000097f1100000,0x00000097f1200000],  sp=0x00000097f11ff250,  free space=1020k
Native frames: (J=compiled Java code, j=interpreted, Vv=VM code, C=native code)
V  [jvm.dll+0x79fa2a]
V  [jvm.dll+0x50965c]
V  [jvm.dll+0x4d0cc4]
C  [jdwp.dll+0x22f7b]


siginfo: EXCEPTION_ACCESS_VIOLATION (0xc0000005), reading address 0x0000000000670122


Register to memory mapping:

RIP=0x00007fff0cf9fa2a jvm.dll
RAX=0x000000000000011f is an unknown value
RBX=0x000001ab8b656744 points into unknown readable memory: 65 3b 00 3b
RCX=0x000000000067011e is an unknown value
RDX=0x000001ab8b6a2f10 points into unknown readable memory: 0x6e6e6f737265704c | 4c 70 65 72 73 6f 6e 6e
RSP=0x00000097f11ff250 is pointing into the stack for thread: 0x000001ab8b82c080
RBP=0x000001ab8b8015b0 points into unknown readable memory: 0x000001ab00000002 | 02 00 00 00 ab 01 00 00
RSI=0x0 is NULL
RDI=0xffffffffffffffff is an unknown value
R8 =0x0 is NULL
R9 =0x000000000000001d is an unknown value
R10=0x0 is NULL
R11=0x00000097f11ff270 is pointing into the stack for thread: 0x000001ab8b82c080
R12=0x00000097f11ff3a8 is pointing into the stack for thread: 0x000001ab8b82c080
R13=0x0 is NULL
R14=0x0000000800141d30 is a pointer to class: 
personnel.Employe {0x0000000800141d38}
 - instance size:     8
 - klass size:        92
 - access:            public synchronized 
 - state:             fully_initialized
 - name:              'personnel/Employe'
 - super:             'java/lang/Object'
 - sub:               
 - arrays:            NULL
 - methods:           Array<T>(0x000001ab8c870128)
 - method ordering:   Array<T>(0x000001ab8c871868)
 - default_methods:   Array<T>(0x0000000000000000)
 - local interfaces:  Array<T>(0x000001ab8c861690)
 - trans. interfaces: Array<T>(0x000001ab8c861690)
 - constants:         constant pool [289] {0x000001ab8c86a198} for 'personnel/Employe' cache=0x000001ab8c863c70
 - class loader data:  loader data: 0x000001ab8b6a0650 for instance a 'jdk/internal/loader/ClassLoaders$AppClassLoader'{0x0000000712a00000}
 - source file:       'Employe.java'
 - source debug extension:       SMAP
Employe.java
Java
*S jdt
*F
1 Employe.java
2 file:/C:/Users/basti/Documents/ITIC/Developpement/personnel-master/Personnel/target/classes/
*L
*E

 - class annotations:       Array<T>(0x0000000000000000)
 - class type annotations:  Array<T>(0x0000000000000000)
 - field annotations:       Array<T>(0x0000000000000000)
 - field type annotations:  Array<T>(0x0000000000000000)
 - generic signature: '
[error occurred during error reporting (printing register info), id 0xc0000005, EXCEPTION_ACCESS_VIOLATION (0xc0000005) at pc=0x00007fff0cfa0636]

Registers:
RAX=0x000000000000011f, RBX=0x000001ab8b656744, RCX=0x000000000067011e, RDX=0x000001ab8b6a2f10
RSP=0x00000097f11ff250, RBP=0x000001ab8b8015b0, RSI=0x0000000000000000, RDI=0xffffffffffffffff
R8 =0x0000000000000000, R9 =0x000000000000001d, R10=0x0000000000000000, R11=0x00000097f11ff270
R12=0x00000097f11ff3a8, R13=0x0000000000000000, R14=0x0000000800141d30, R15=0x00000097f11ff3d0
RIP=0x00007fff0cf9fa2a, EFLAGS=0x0000000000010206

Top of Stack: (sp=0x00000097f11ff250)
0x00000097f11ff250:   0000000000000011 0000000800141d30
0x00000097f11ff260:   000001ab8d515130 00007fff9500ab11
0x00000097f11ff270:   ffffffffffffffff 00007fff0cd0965c
0x00000097f11ff280:   000001ab8b656744 000001ab8b656730
0x00000097f11ff290:   000001ab8b8015b0 00007fff0cd0c17d
0x00000097f11ff2a0:   000001ab8b656700 00000000000003d8
0x00000097f11ff2b0:   000001ab8b656710 000001ab8b656ae8
0x00000097f11ff2c0:   0000000000003901 00000097f11ff3a8
0x00000097f11ff2d0:   0000000000000007 000001ab8b82c328
0x00000097f11ff2e0:   000000071396dca8 00007fff0ccd0cc4
0x00000097f11ff2f0:   000001ab8b82c080 00000097f11ff3d0
0x00000097f11ff300:   000001abe9109ee0 00000097f11ff3d0
0x00000097f11ff310:   000001ab8b82c080 0000000000000000
0x00000097f11ff320:   0000000000000000 0000000000000000
0x00000097f11ff330:   000001ab8b7fdc10 00007fff79672f7b
0x00000097f11ff340:   00000097f11ff3c8 00007fff79681600 

Instructions: (pc=0x00007fff0cf9fa2a)
0x00007fff0cf9f92a:   48 83 c4 20 5f e9 bc 69 90 ff cc cc cc cc cc cc
0x00007fff0cf9f93a:   cc cc cc cc cc cc 48 89 5c 24 08 57 48 83 ec 20
0x00007fff0cf9f94a:   83 fa 02 8d 42 06 b9 08 00 00 00 49 8b d8 0f 4e
0x00007fff0cf9f95a:   c1 48 63 c8 48 83 c1 07 83 e1 f8 48 63 f9 49 8b
0x00007fff0cf9f96a:   48 18 48 8b c7 48 f7 d0 48 3b c1 73 16 4c 8d 05
0x00007fff0cf9f97a:   ba 58 17 00 48 8b d7 48 8b cb e8 c7 cc 90 ff 48
0x00007fff0cf9f98a:   8b 4b 18 48 8d 04 39 48 3b 43 20 76 18 45 33 c0
0x00007fff0cf9f99a:   48 8b d7 48 8b cb 48 8b 5c 24 30 48 83 c4 20 5f
0x00007fff0cf9f9aa:   e9 21 c9 90 ff 48 89 43 18 48 8b c1 48 8b 5c 24
0x00007fff0cf9f9ba:   30 48 83 c4 20 5f c3 cc cc cc cc cc cc cc cc cc
0x00007fff0cf9f9ca:   cc cc cc cc cc cc 4c 8b d2 4c 8b d9 45 85 c0 7e
0x00007fff0cf9f9da:   3c 44 0f b7 49 04 41 8d 40 ff 41 3b c1 44 0f 4c
0x00007fff0cf9f9ea:   c8 4d 63 c1 45 85 c9 7e 1f 48 8b c2 4c 2b da 49
0x00007fff0cf9f9fa:   8b d0 0f 1f 40 00 41 0f b6 4c 03 06 88 08 48 8d
0x00007fff0cf9fa0a:   40 01 48 83 ea 01 75 ee 43 c6 04 10 00 49 8b c2
0x00007fff0cf9fa1a:   c3 cc cc cc cc cc 48 89 5c 24 08 57 48 83 ec 20
0x00007fff0cf9fa2a:   0f b7 59 04 48 8b f9 33 d2 48 8d 4b 01 e8 f4 d9
0x00007fff0cf9fa3a:   f2 ff 0f b7 57 04 4c 8b c0 3b da 0f 42 d3 44 8b
0x00007fff0cf9fa4a:   ca 85 d2 74 39 48 2b f8 0f 1f 40 00 66 66 0f 1f
0x00007fff0cf9fa5a:   84 00 00 00 00 00 0f b6 4c 07 06 88 08 48 ff c0
0x00007fff0cf9fa6a:   48 8b c8 49 2b c8 49 3b c9 7c eb 42 c6 04 02 00
0x00007fff0cf9fa7a:   49 8b c0 48 8b 5c 24 30 48 83 c4 20 5f c3 48 8b
0x00007fff0cf9fa8a:   5c 24 30 c6 04 02 00 48 83 c4 20 5f c3 cc cc cc
0x00007fff0cf9fa9a:   cc cc cc cc cc cc 4c 8b d1 45 85 c0 7e 6c 44 0f
0x00007fff0cf9faaa:   b7 49 04 41 8d 40 ff 41 3b c1 44 0f 4c c8 4d 63
0x00007fff0cf9faba:   d9 45 85 c9 7e 22 48 8b ca 4c 2b d2 4d 8b c3 0f
0x00007fff0cf9faca:   1f 80 00 00 00 00 41 0f b6 44 0a 06 88 01 48 8d
0x00007fff0cf9fada:   49 01 49 83 e8 01 75 ee 41 c6 04 13 00 48 c7 c0
0x00007fff0cf9faea:   ff ff ff ff 66 90 48 ff c0 80 3c 02 00 75 f7 48
0x00007fff0cf9fafa:   63 c8 85 c0 48 8b c2 7e 14 80 38 2f 75 03 c6 00
0x00007fff0cf9fb0a:   2e 48 ff c0 48 83 e9 01 75 ef 48 8b c2 c3 cc cc
0x00007fff0cf9fb1a:   cc cc cc cc cc cc 48 83 ec 28 e8 f7 fe ff ff 4c 


Stack slot to memory mapping:
stack at sp + 0 slots: 0x0000000000000011 is an unknown value
stack at sp + 1 slots: 0x0000000800141d30 is a pointer to class: 
personnel.Employe {0x0000000800141d38}
 - instance size:     8
 - klass size:        92
 - access:            public synchronized 
 - state:             fully_initialized
 - name:              'personnel/Employe'
 - super:             'java/lang/Object'
 - sub:               
 - arrays:            NULL
 - methods:           Array<T>(0x000001ab8c870128)
 - method ordering:   Array<T>(0x000001ab8c871868)
 - default_methods:   Array<T>(0x0000000000000000)
 - local interfaces:  Array<T>(0x000001ab8c861690)
 - trans. interfaces: Array<T>(0x000001ab8c861690)
 - constants:         constant pool [289] {0x000001ab8c86a198} for 'personnel/Employe' cache=0x000001ab8c863c70
 - class loader data:  loader data: 0x000001ab8b6a0650 for instance a 'jdk/internal/loader/ClassLoaders$AppClassLoader'{0x0000000712a00000}
 - source file:       'Employe.java'
 - source debug extension:       SMAP
Employe.java
Java
*S jdt
*F
1 Employe.java
2 file:/C:/Users/basti/Documents/ITIC/Developpement/personnel-master/Personnel/target/classes/
*L
*E

 - class annotations:       Array<T>(0x0000000000000000)
 - class type annotations:  Array<T>(0x0000000000000000)
 - field annotations:       Array<T>(0x0000000000000000)
 - field type annotations:  Array<T>(0x0000000000000000)
 - generic signature: '
[error occurred during error reporting (inspecting top of stack), id 0xc0000005, EXCEPTION_ACCESS_VIOLATION (0xc0000005) at pc=0x00007fff0cfa0636]


---------------  P R O C E S S  ---------------

Threads class SMR info:
_java_thread_list=0x000001ab8bc7a480, length=16, elements={
0x000001abeb276ef0, 0x000001ab8b43c990, 0x000001ab8b43db50, 0x000001ab8b48f960,
0x000001ab8b490420, 0x000001ab8b4a4790, 0x000001ab8b4a5140, 0x000001ab8b4a5e20,
0x000001ab8b4a6ad0, 0x000001ab8b4a8200, 0x000001ab8b594430, 0x000001ab8b82c080,
0x000001ab8b82e550, 0x000001ab8b82ea40, 0x000001ab8bc27c80, 0x000001ab8bc8f9e0
}

Java Threads: ( => current thread )
  0x000001abeb276ef0 JavaThread "main" [_thread_blocked, id=12800, stack(0x00000097efb00000,0x00000097efc00000)]
  0x000001ab8b43c990 JavaThread "Reference Handler" daemon [_thread_blocked, id=33832, stack(0x00000097f0200000,0x00000097f0300000)]
  0x000001ab8b43db50 JavaThread "Finalizer" daemon [_thread_blocked, id=5400, stack(0x00000097f0300000,0x00000097f0400000)]
  0x000001ab8b48f960 JavaThread "Signal Dispatcher" daemon [_thread_blocked, id=43096, stack(0x00000097f0400000,0x00000097f0500000)]
  0x000001ab8b490420 JavaThread "Attach Listener" daemon [_thread_blocked, id=30836, stack(0x00000097f0500000,0x00000097f0600000)]
  0x000001ab8b4a4790 JavaThread "Service Thread" daemon [_thread_blocked, id=34896, stack(0x00000097f0600000,0x00000097f0700000)]
  0x000001ab8b4a5140 JavaThread "Monitor Deflation Thread" daemon [_thread_blocked, id=12064, stack(0x00000097f0700000,0x00000097f0800000)]
  0x000001ab8b4a5e20 JavaThread "C2 CompilerThread0" daemon [_thread_blocked, id=36996, stack(0x00000097f0800000,0x00000097f0900000)]
  0x000001ab8b4a6ad0 JavaThread "C1 CompilerThread0" daemon [_thread_blocked, id=34520, stack(0x00000097f0900000,0x00000097f0a00000)]
  0x000001ab8b4a8200 JavaThread "Sweeper thread" daemon [_thread_blocked, id=3220, stack(0x00000097f0a00000,0x00000097f0b00000)]
  0x000001ab8b594430 JavaThread "Common-Cleaner" daemon [_thread_blocked, id=39836, stack(0x00000097f0b00000,0x00000097f0c00000)]
=>0x000001ab8b82c080 JavaThread "JDWP Transport Listener: dt_socket" daemon [_thread_in_vm, id=47308, stack(0x00000097f1100000,0x00000097f1200000)]
  0x000001ab8b82e550 JavaThread "JDWP Event Helper Thread" daemon [_thread_blocked, id=14208, stack(0x00000097f1200000,0x00000097f1300000)]
  0x000001ab8b82ea40 JavaThread "JDWP Command Reader" daemon [_thread_in_native, id=32124, stack(0x00000097f1300000,0x00000097f1400000)]
  0x000001ab8bc27c80 JavaThread "Notification Thread" daemon [_thread_blocked, id=30540, stack(0x00000097f1400000,0x00000097f1500000)]
  0x000001ab8bc8f9e0 JavaThread "mysql-cj-abandoned-connection-cleanup" daemon [_thread_blocked, id=41992, stack(0x00000097f1600000,0x00000097f1700000)]

Other Threads:
  0x000001ab8b46ec10 VMThread "VM Thread" [stack: 0x00000097f0100000,0x00000097f0200000] [id=32056]
  0x000001ab8b904bf0 WatcherThread [stack: 0x00000097f1500000,0x00000097f1600000] [id=35844]
  0x000001abeb2e1440 GCTaskThread "GC Thread#0" [stack: 0x00000097efc00000,0x00000097efd00000] [id=38212]
  0x000001ab8be89840 GCTaskThread "GC Thread#1" [stack: 0x00000097f1800000,0x00000097f1900000] [id=19216]
  0x000001ab8bde70b0 GCTaskThread "GC Thread#2" [stack: 0x00000097f1900000,0x00000097f1a00000] [id=16836]
  0x000001ab8bde8630 GCTaskThread "GC Thread#3" [stack: 0x00000097f1a00000,0x00000097f1b00000] [id=42324]
  0x000001ab8bde7b70 GCTaskThread "GC Thread#4" [stack: 0x00000097f1b00000,0x00000097f1c00000] [id=24032]
  0x000001ab8bde88e0 GCTaskThread "GC Thread#5" [stack: 0x00000097f1c00000,0x00000097f1d00000] [id=5356]
  0x000001ab8bde6e00 GCTaskThread "GC Thread#6" [stack: 0x00000097f1d00000,0x00000097f1e00000] [id=2164]
  0x000001ab8bde7360 GCTaskThread "GC Thread#7" [stack: 0x00000097f1e00000,0x00000097f1f00000] [id=49280]
  0x000001abeb2f1f10 ConcurrentGCThread "G1 Main Marker" [stack: 0x00000097efd00000,0x00000097efe00000] [id=23648]
  0x000001abeb2f30c0 ConcurrentGCThread "G1 Conc#0" [stack: 0x00000097efe00000,0x00000097eff00000] [id=49700]
  0x000001ab8a710160 ConcurrentGCThread "G1 Refine#0" [stack: 0x00000097eff00000,0x00000097f0000000] [id=31496]
  0x000001ab8a711aa0 ConcurrentGCThread "G1 Service" [stack: 0x00000097f0000000,0x00000097f0100000] [id=16168]

Threads with active compile tasks:

VM state: not at safepoint (normal execution)

VM Mutex/Monitor currently owned by a thread: None

Heap address: 0x0000000704600000, size: 4026 MB, Compressed Oops mode: Zero based, Oop shift amount: 3

CDS archive(s) not mapped
Compressed class space mapped at: 0x0000000800000000-0x0000000840000000, reserved size: 1073741824
Narrow klass base: 0x0000000800000000, Narrow klass shift: 0, Narrow klass range: 0x40000000

GC Precious Log:
 CPUs: 16 total, 16 available
 Memory: 16103M
 Large Page Support: Disabled
 NUMA Support: Disabled
 Compressed Oops: Enabled (Zero based)
 Heap Region Size: 2M
 Heap Min Capacity: 8M
 Heap Initial Capacity: 252M
 Heap Max Capacity: 4026M
 Pre-touch: Disabled
 Parallel Workers: 13
 Concurrent Workers: 3
 Concurrent Refinement Workers: 13
 Periodic GC: Disabled

Heap:
 garbage-first heap   total 258048K, used 12773K [0x0000000704600000, 0x0000000800000000)
  region size 2048K, 8 young (16384K), 2 survivors (4096K)
 Metaspace       used 13988K, committed 14208K, reserved 1064960K
  class space    used 1252K, committed 1344K, reserved 1048576K

Heap Regions: E=young(eden), S=young(survivor), O=old, HS=humongous(starts), HC=humongous(continues), CS=collection set, F=free, OA=open archive, CA=closed archive, TAMS=top-at-mark-start (previous, next)
|   0|0x0000000704600000, 0x0000000704600000, 0x0000000704800000|  0%| F|  |TAMS 0x0000000704600000, 0x0000000704600000| Untracked 
|   1|0x0000000704800000, 0x0000000704800000, 0x0000000704a00000|  0%| F|  |TAMS 0x0000000704800000, 0x0000000704800000| Untracked 
|   2|0x0000000704a00000, 0x0000000704a00000, 0x0000000704c00000|  0%| F|  |TAMS 0x0000000704a00000, 0x0000000704a00000| Untracked 
|   3|0x0000000704c00000, 0x0000000704c00000, 0x0000000704e00000|  0%| F|  |TAMS 0x0000000704c00000, 0x0000000704c00000| Untracked 
|   4|0x0000000704e00000, 0x0000000704e00000, 0x0000000705000000|  0%| F|  |TAMS 0x0000000704e00000, 0x0000000704e00000| Untracked 
|   5|0x0000000705000000, 0x0000000705000000, 0x0000000705200000|  0%| F|  |TAMS 0x0000000705000000, 0x0000000705000000| Untracked 
|   6|0x0000000705200000, 0x0000000705200000, 0x0000000705400000|  0%| F|  |TAMS 0x0000000705200000, 0x0000000705200000| Untracked 
|   7|0x0000000705400000, 0x0000000705400000, 0x0000000705600000|  0%| F|  |TAMS 0x0000000705400000, 0x0000000705400000| Untracked 
|   8|0x0000000705600000, 0x0000000705600000, 0x0000000705800000|  0%| F|  |TAMS 0x0000000705600000, 0x0000000705600000| Untracked 
|   9|0x0000000705800000, 0x0000000705800000, 0x0000000705a00000|  0%| F|  |TAMS 0x0000000705800000, 0x0000000705800000| Untracked 
|  10|0x0000000705a00000, 0x0000000705a00000, 0x0000000705c00000|  0%| F|  |TAMS 0x0000000705a00000, 0x0000000705a00000| Untracked 
|  11|0x0000000705c00000, 0x0000000705c00000, 0x0000000705e00000|  0%| F|  |TAMS 0x0000000705c00000, 0x0000000705c00000| Untracked 
|  12|0x0000000705e00000, 0x0000000705e00000, 0x0000000706000000|  0%| F|  |TAMS 0x0000000705e00000, 0x0000000705e00000| Untracked 
|  13|0x0000000706000000, 0x0000000706000000, 0x0000000706200000|  0%| F|  |TAMS 0x0000000706000000, 0x0000000706000000| Untracked 
|  14|0x0000000706200000, 0x0000000706200000, 0x0000000706400000|  0%| F|  |TAMS 0x0000000706200000, 0x0000000706200000| Untracked 
|  15|0x0000000706400000, 0x0000000706400000, 0x0000000706600000|  0%| F|  |TAMS 0x0000000706400000, 0x0000000706400000| Untracked 
|  16|0x0000000706600000, 0x0000000706600000, 0x0000000706800000|  0%| F|  |TAMS 0x0000000706600000, 0x0000000706600000| Untracked 
|  17|0x0000000706800000, 0x0000000706800000, 0x0000000706a00000|  0%| F|  |TAMS 0x0000000706800000, 0x0000000706800000| Untracked 
|  18|0x0000000706a00000, 0x0000000706a00000, 0x0000000706c00000|  0%| F|  |TAMS 0x0000000706a00000, 0x0000000706a00000| Untracked 
|  19|0x0000000706c00000, 0x0000000706c00000, 0x0000000706e00000|  0%| F|  |TAMS 0x0000000706c00000, 0x0000000706c00000| Untracked 
|  20|0x0000000706e00000, 0x0000000706e00000, 0x0000000707000000|  0%| F|  |TAMS 0x0000000706e00000, 0x0000000706e00000| Untracked 
|  21|0x0000000707000000, 0x0000000707000000, 0x0000000707200000|  0%| F|  |TAMS 0x0000000707000000, 0x0000000707000000| Untracked 
|  22|0x0000000707200000, 0x0000000707200000, 0x0000000707400000|  0%| F|  |TAMS 0x0000000707200000, 0x0000000707200000| Untracked 
|  23|0x0000000707400000, 0x0000000707400000, 0x0000000707600000|  0%| F|  |TAMS 0x0000000707400000, 0x0000000707400000| Untracked 
|  24|0x0000000707600000, 0x0000000707600000, 0x0000000707800000|  0%| F|  |TAMS 0x0000000707600000, 0x0000000707600000| Untracked 
|  25|0x0000000707800000, 0x0000000707800000, 0x0000000707a00000|  0%| F|  |TAMS 0x0000000707800000, 0x0000000707800000| Untracked 
|  26|0x0000000707a00000, 0x0000000707a00000, 0x0000000707c00000|  0%| F|  |TAMS 0x0000000707a00000, 0x0000000707a00000| Untracked 
|  27|0x0000000707c00000, 0x0000000707c00000, 0x0000000707e00000|  0%| F|  |TAMS 0x0000000707c00000, 0x0000000707c00000| Untracked 
|  28|0x0000000707e00000, 0x0000000707e00000, 0x0000000708000000|  0%| F|  |TAMS 0x0000000707e00000, 0x0000000707e00000| Untracked 
|  29|0x0000000708000000, 0x0000000708000000, 0x0000000708200000|  0%| F|  |TAMS 0x0000000708000000, 0x0000000708000000| Untracked 
|  30|0x0000000708200000, 0x0000000708200000, 0x0000000708400000|  0%| F|  |TAMS 0x0000000708200000, 0x0000000708200000| Untracked 
|  31|0x0000000708400000, 0x0000000708400000, 0x0000000708600000|  0%| F|  |TAMS 0x0000000708400000, 0x0000000708400000| Untracked 
|  32|0x0000000708600000, 0x0000000708600000, 0x0000000708800000|  0%| F|  |TAMS 0x0000000708600000, 0x0000000708600000| Untracked 
|  33|0x0000000708800000, 0x0000000708800000, 0x0000000708a00000|  0%| F|  |TAMS 0x0000000708800000, 0x0000000708800000| Untracked 
|  34|0x0000000708a00000, 0x0000000708a00000, 0x0000000708c00000|  0%| F|  |TAMS 0x0000000708a00000, 0x0000000708a00000| Untracked 
|  35|0x0000000708c00000, 0x0000000708c00000, 0x0000000708e00000|  0%| F|  |TAMS 0x0000000708c00000, 0x0000000708c00000| Untracked 
|  36|0x0000000708e00000, 0x0000000708e00000, 0x0000000709000000|  0%| F|  |TAMS 0x0000000708e00000, 0x0000000708e00000| Untracked 
|  37|0x0000000709000000, 0x0000000709000000, 0x0000000709200000|  0%| F|  |TAMS 0x0000000709000000, 0x0000000709000000| Untracked 
|  38|0x0000000709200000, 0x0000000709200000, 0x0000000709400000|  0%| F|  |TAMS 0x0000000709200000, 0x0000000709200000| Untracked 
|  39|0x0000000709400000, 0x0000000709400000, 0x0000000709600000|  0%| F|  |TAMS 0x0000000709400000, 0x0000000709400000| Untracked 
|  40|0x0000000709600000, 0x0000000709600000, 0x0000000709800000|  0%| F|  |TAMS 0x0000000709600000, 0x0000000709600000| Untracked 
|  41|0x0000000709800000, 0x0000000709800000, 0x0000000709a00000|  0%| F|  |TAMS 0x0000000709800000, 0x0000000709800000| Untracked 
|  42|0x0000000709a00000, 0x0000000709a00000, 0x0000000709c00000|  0%| F|  |TAMS 0x0000000709a00000, 0x0000000709a00000| Untracked 
|  43|0x0000000709c00000, 0x0000000709c00000, 0x0000000709e00000|  0%| F|  |TAMS 0x0000000709c00000, 0x0000000709c00000| Untracked 
|  44|0x0000000709e00000, 0x0000000709e00000, 0x000000070a000000|  0%| F|  |TAMS 0x0000000709e00000, 0x0000000709e00000| Untracked 
|  45|0x000000070a000000, 0x000000070a000000, 0x000000070a200000|  0%| F|  |TAMS 0x000000070a000000, 0x000000070a000000| Untracked 
|  46|0x000000070a200000, 0x000000070a200000, 0x000000070a400000|  0%| F|  |TAMS 0x000000070a200000, 0x000000070a200000| Untracked 
|  47|0x000000070a400000, 0x000000070a400000, 0x000000070a600000|  0%| F|  |TAMS 0x000000070a400000, 0x000000070a400000| Untracked 
|  48|0x000000070a600000, 0x000000070a600000, 0x000000070a800000|  0%| F|  |TAMS 0x000000070a600000, 0x000000070a600000| Untracked 
|  49|0x000000070a800000, 0x000000070a800000, 0x000000070aa00000|  0%| F|  |TAMS 0x000000070a800000, 0x000000070a800000| Untracked 
|  50|0x000000070aa00000, 0x000000070aa00000, 0x000000070ac00000|  0%| F|  |TAMS 0x000000070aa00000, 0x000000070aa00000| Untracked 
|  51|0x000000070ac00000, 0x000000070ac00000, 0x000000070ae00000|  0%| F|  |TAMS 0x000000070ac00000, 0x000000070ac00000| Untracked 
|  52|0x000000070ae00000, 0x000000070ae00000, 0x000000070b000000|  0%| F|  |TAMS 0x000000070ae00000, 0x000000070ae00000| Untracked 
|  53|0x000000070b000000, 0x000000070b000000, 0x000000070b200000|  0%| F|  |TAMS 0x000000070b000000, 0x000000070b000000| Untracked 
|  54|0x000000070b200000, 0x000000070b200000, 0x000000070b400000|  0%| F|  |TAMS 0x000000070b200000, 0x000000070b200000| Untracked 
|  55|0x000000070b400000, 0x000000070b400000, 0x000000070b600000|  0%| F|  |TAMS 0x000000070b400000, 0x000000070b400000| Untracked 
|  56|0x000000070b600000, 0x000000070b600000, 0x000000070b800000|  0%| F|  |TAMS 0x000000070b600000, 0x000000070b600000| Untracked 
|  57|0x000000070b800000, 0x000000070b800000, 0x000000070ba00000|  0%| F|  |TAMS 0x000000070b800000, 0x000000070b800000| Untracked 
|  58|0x000000070ba00000, 0x000000070ba00000, 0x000000070bc00000|  0%| F|  |TAMS 0x000000070ba00000, 0x000000070ba00000| Untracked 
|  59|0x000000070bc00000, 0x000000070bc00000, 0x000000070be00000|  0%| F|  |TAMS 0x000000070bc00000, 0x000000070bc00000| Untracked 
|  60|0x000000070be00000, 0x000000070be00000, 0x000000070c000000|  0%| F|  |TAMS 0x000000070be00000, 0x000000070be00000| Untracked 
|  61|0x000000070c000000, 0x000000070c000000, 0x000000070c200000|  0%| F|  |TAMS 0x000000070c000000, 0x000000070c000000| Untracked 
|  62|0x000000070c200000, 0x000000070c200000, 0x000000070c400000|  0%| F|  |TAMS 0x000000070c200000, 0x000000070c200000| Untracked 
|  63|0x000000070c400000, 0x000000070c400000, 0x000000070c600000|  0%| F|  |TAMS 0x000000070c400000, 0x000000070c400000| Untracked 
|  64|0x000000070c600000, 0x000000070c600000, 0x000000070c800000|  0%| F|  |TAMS 0x000000070c600000, 0x000000070c600000| Untracked 
|  65|0x000000070c800000, 0x000000070c800000, 0x000000070ca00000|  0%| F|  |TAMS 0x000000070c800000, 0x000000070c800000| Untracked 
|  66|0x000000070ca00000, 0x000000070ca00000, 0x000000070cc00000|  0%| F|  |TAMS 0x000000070ca00000, 0x000000070ca00000| Untracked 
|  67|0x000000070cc00000, 0x000000070cc00000, 0x000000070ce00000|  0%| F|  |TAMS 0x000000070cc00000, 0x000000070cc00000| Untracked 
|  68|0x000000070ce00000, 0x000000070ce00000, 0x000000070d000000|  0%| F|  |TAMS 0x000000070ce00000, 0x000000070ce00000| Untracked 
|  69|0x000000070d000000, 0x000000070d000000, 0x000000070d200000|  0%| F|  |TAMS 0x000000070d000000, 0x000000070d000000| Untracked 
|  70|0x000000070d200000, 0x000000070d200000, 0x000000070d400000|  0%| F|  |TAMS 0x000000070d200000, 0x000000070d200000| Untracked 
|  71|0x000000070d400000, 0x000000070d400000, 0x000000070d600000|  0%| F|  |TAMS 0x000000070d400000, 0x000000070d400000| Untracked 
|  72|0x000000070d600000, 0x000000070d600000, 0x000000070d800000|  0%| F|  |TAMS 0x000000070d600000, 0x000000070d600000| Untracked 
|  73|0x000000070d800000, 0x000000070d800000, 0x000000070da00000|  0%| F|  |TAMS 0x000000070d800000, 0x000000070d800000| Untracked 
|  74|0x000000070da00000, 0x000000070da00000, 0x000000070dc00000|  0%| F|  |TAMS 0x000000070da00000, 0x000000070da00000| Untracked 
|  75|0x000000070dc00000, 0x000000070dc00000, 0x000000070de00000|  0%| F|  |TAMS 0x000000070dc00000, 0x000000070dc00000| Untracked 
|  76|0x000000070de00000, 0x000000070de00000, 0x000000070e000000|  0%| F|  |TAMS 0x000000070de00000, 0x000000070de00000| Untracked 
|  77|0x000000070e000000, 0x000000070e000000, 0x000000070e200000|  0%| F|  |TAMS 0x000000070e000000, 0x000000070e000000| Untracked 
|  78|0x000000070e200000, 0x000000070e200000, 0x000000070e400000|  0%| F|  |TAMS 0x000000070e200000, 0x000000070e200000| Untracked 
|  79|0x000000070e400000, 0x000000070e400000, 0x000000070e600000|  0%| F|  |TAMS 0x000000070e400000, 0x000000070e400000| Untracked 
|  80|0x000000070e600000, 0x000000070e600000, 0x000000070e800000|  0%| F|  |TAMS 0x000000070e600000, 0x000000070e600000| Untracked 
|  81|0x000000070e800000, 0x000000070e800000, 0x000000070ea00000|  0%| F|  |TAMS 0x000000070e800000, 0x000000070e800000| Untracked 
|  82|0x000000070ea00000, 0x000000070ea00000, 0x000000070ec00000|  0%| F|  |TAMS 0x000000070ea00000, 0x000000070ea00000| Untracked 
|  83|0x000000070ec00000, 0x000000070ec00000, 0x000000070ee00000|  0%| F|  |TAMS 0x000000070ec00000, 0x000000070ec00000| Untracked 
|  84|0x000000070ee00000, 0x000000070ee00000, 0x000000070f000000|  0%| F|  |TAMS 0x000000070ee00000, 0x000000070ee00000| Untracked 
|  85|0x000000070f000000, 0x000000070f000000, 0x000000070f200000|  0%| F|  |TAMS 0x000000070f000000, 0x000000070f000000| Untracked 
|  86|0x000000070f200000, 0x000000070f200000, 0x000000070f400000|  0%| F|  |TAMS 0x000000070f200000, 0x000000070f200000| Untracked 
|  87|0x000000070f400000, 0x000000070f400000, 0x000000070f600000|  0%| F|  |TAMS 0x000000070f400000, 0x000000070f400000| Untracked 
|  88|0x000000070f600000, 0x000000070f600000, 0x000000070f800000|  0%| F|  |TAMS 0x000000070f600000, 0x000000070f600000| Untracked 
|  89|0x000000070f800000, 0x000000070f800000, 0x000000070fa00000|  0%| F|  |TAMS 0x000000070f800000, 0x000000070f800000| Untracked 
|  90|0x000000070fa00000, 0x000000070fa00000, 0x000000070fc00000|  0%| F|  |TAMS 0x000000070fa00000, 0x000000070fa00000| Untracked 
|  91|0x000000070fc00000, 0x000000070fc00000, 0x000000070fe00000|  0%| F|  |TAMS 0x000000070fc00000, 0x000000070fc00000| Untracked 
|  92|0x000000070fe00000, 0x000000070fe00000, 0x0000000710000000|  0%| F|  |TAMS 0x000000070fe00000, 0x000000070fe00000| Untracked 
|  93|0x0000000710000000, 0x0000000710000000, 0x0000000710200000|  0%| F|  |TAMS 0x0000000710000000, 0x0000000710000000| Untracked 
|  94|0x0000000710200000, 0x0000000710200000, 0x0000000710400000|  0%| F|  |TAMS 0x0000000710200000, 0x0000000710200000| Untracked 
|  95|0x0000000710400000, 0x0000000710400000, 0x0000000710600000|  0%| F|  |TAMS 0x0000000710400000, 0x0000000710400000| Untracked 
|  96|0x0000000710600000, 0x0000000710600000, 0x0000000710800000|  0%| F|  |TAMS 0x0000000710600000, 0x0000000710600000| Untracked 
|  97|0x0000000710800000, 0x0000000710800000, 0x0000000710a00000|  0%| F|  |TAMS 0x0000000710800000, 0x0000000710800000| Untracked 
|  98|0x0000000710a00000, 0x0000000710a00000, 0x0000000710c00000|  0%| F|  |TAMS 0x0000000710a00000, 0x0000000710a00000| Untracked 
|  99|0x0000000710c00000, 0x0000000710c00000, 0x0000000710e00000|  0%| F|  |TAMS 0x0000000710c00000, 0x0000000710c00000| Untracked 
| 100|0x0000000710e00000, 0x0000000710e00000, 0x0000000711000000|  0%| F|  |TAMS 0x0000000710e00000, 0x0000000710e00000| Untracked 
| 101|0x0000000711000000, 0x0000000711000000, 0x0000000711200000|  0%| F|  |TAMS 0x0000000711000000, 0x0000000711000000| Untracked 
| 102|0x0000000711200000, 0x0000000711200000, 0x0000000711400000|  0%| F|  |TAMS 0x0000000711200000, 0x0000000711200000| Untracked 
| 103|0x0000000711400000, 0x0000000711400000, 0x0000000711600000|  0%| F|  |TAMS 0x0000000711400000, 0x0000000711400000| Untracked 
| 104|0x0000000711600000, 0x0000000711600000, 0x0000000711800000|  0%| F|  |TAMS 0x0000000711600000, 0x0000000711600000| Untracked 
| 105|0x0000000711800000, 0x0000000711800000, 0x0000000711a00000|  0%| F|  |TAMS 0x0000000711800000, 0x0000000711800000| Untracked 
| 106|0x0000000711a00000, 0x0000000711a00000, 0x0000000711c00000|  0%| F|  |TAMS 0x0000000711a00000, 0x0000000711a00000| Untracked 
| 107|0x0000000711c00000, 0x0000000711c00000, 0x0000000711e00000|  0%| F|  |TAMS 0x0000000711c00000, 0x0000000711c00000| Untracked 
| 108|0x0000000711e00000, 0x0000000711e00000, 0x0000000712000000|  0%| F|  |TAMS 0x0000000711e00000, 0x0000000711e00000| Untracked 
| 109|0x0000000712000000, 0x0000000712000000, 0x0000000712200000|  0%| F|  |TAMS 0x0000000712000000, 0x0000000712000000| Untracked 
| 110|0x0000000712200000, 0x0000000712200000, 0x0000000712400000|  0%| F|  |TAMS 0x0000000712200000, 0x0000000712200000| Untracked 
| 111|0x0000000712400000, 0x0000000712400000, 0x0000000712600000|  0%| F|  |TAMS 0x0000000712400000, 0x0000000712400000| Untracked 
| 112|0x0000000712600000, 0x0000000712600000, 0x0000000712800000|  0%| F|  |TAMS 0x0000000712600000, 0x0000000712600000| Untracked 
| 113|0x0000000712800000, 0x0000000712879530, 0x0000000712a00000| 23%| S|CS|TAMS 0x0000000712800000, 0x0000000712800000| Complete 
| 114|0x0000000712a00000, 0x0000000712c00000, 0x0000000712c00000|100%| S|CS|TAMS 0x0000000712a00000, 0x0000000712a00000| Complete 
| 115|0x0000000712c00000, 0x0000000712c00000, 0x0000000712e00000|  0%| F|  |TAMS 0x0000000712c00000, 0x0000000712c00000| Untracked 
| 116|0x0000000712e00000, 0x0000000712e00000, 0x0000000713000000|  0%| F|  |TAMS 0x0000000712e00000, 0x0000000712e00000| Untracked 
| 117|0x0000000713000000, 0x0000000713000000, 0x0000000713200000|  0%| F|  |TAMS 0x0000000713000000, 0x0000000713000000| Untracked 
| 118|0x0000000713200000, 0x0000000713200000, 0x0000000713400000|  0%| F|  |TAMS 0x0000000713200000, 0x0000000713200000| Untracked 
| 119|0x0000000713400000, 0x0000000713400000, 0x0000000713600000|  0%| F|  |TAMS 0x0000000713400000, 0x0000000713400000| Untracked 
| 120|0x0000000713600000, 0x00000007136c3450, 0x0000000713800000| 38%| E|  |TAMS 0x0000000713600000, 0x0000000713600000| Complete 
| 121|0x0000000713800000, 0x0000000713a00000, 0x0000000713a00000|100%| E|CS|TAMS 0x0000000713800000, 0x0000000713800000| Complete 
| 122|0x0000000713a00000, 0x0000000713c00000, 0x0000000713c00000|100%| E|CS|TAMS 0x0000000713a00000, 0x0000000713a00000| Complete 
| 123|0x0000000713c00000, 0x0000000713e00000, 0x0000000713e00000|100%| E|CS|TAMS 0x0000000713c00000, 0x0000000713c00000| Complete 
| 124|0x0000000713e00000, 0x0000000714000000, 0x0000000714000000|100%| E|CS|TAMS 0x0000000713e00000, 0x0000000713e00000| Complete 
| 125|0x0000000714000000, 0x0000000714200000, 0x0000000714200000|100%| E|CS|TAMS 0x0000000714000000, 0x0000000714000000| Complete 

Card table byte_map: [0x000001abfe9c0000,0x000001abff1a0000] _byte_map_base: 0x000001abfb19d000

Marking Bits (Prev, Next): (CMBitMap*) 0x000001abeb2e1a50, (CMBitMap*) 0x000001abeb2e1a90
 Prev Bits: [0x000001ab80000000, 0x000001ab83ee8000)
 Next Bits: [0x000001ab83ef0000, 0x000001ab87dd8000)

Polling page: 0x000001abe91f0000

Metaspace:

Usage:
  Non-class:     12.44 MB used.
      Class:      1.22 MB used.
       Both:     13.66 MB used.

Virtual space:
  Non-class space:       16.00 MB reserved,      12.56 MB ( 79%) committed,  2 nodes.
      Class space:        1.00 GB reserved,       1.31 MB ( <1%) committed,  1 nodes.
             Both:        1.02 GB reserved,      13.88 MB (  1%) committed. 

Chunk freelists:
   Non-Class:  2.55 MB
       Class:  2.73 MB
        Both:  5.28 MB

MaxMetaspaceSize: unlimited
CompressedClassSpaceSize: 1.00 GB
Initial GC threshold: 21.00 MB
Current GC threshold: 21.00 MB
CDS: off
MetaspaceReclaimPolicy: balanced
 - commit_granule_bytes: 65536.
 - commit_granule_words: 8192.
 - virtual_space_node_default_size: 1048576.
 - enlarge_chunks_in_place: 1.
 - new_chunks_are_fully_committed: 0.
 - uncommit_free_chunks: 1.
 - use_allocation_guard: 0.
 - handle_deallocations: 1.


Internal statistics:

num_allocs_failed_limit: 0.
num_arena_births: 40.
num_arena_deaths: 0.
num_vsnodes_births: 3.
num_vsnodes_deaths: 0.
num_space_committed: 222.
num_space_uncommitted: 0.
num_chunks_returned_to_freelist: 0.
num_chunks_taken_from_freelist: 185.
num_chunk_merges: 0.
num_chunk_splits: 121.
num_chunks_enlarged: 98.
num_purges: 0.
num_inconsistent_stats: 0.

CodeHeap 'non-profiled nmethods': size=119168Kb used=543Kb max_used=543Kb free=118624Kb
 bounds [0x000001abf64d0000, 0x000001abf6740000, 0x000001abfd930000]
CodeHeap 'profiled nmethods': size=119104Kb used=2292Kb max_used=2292Kb free=116811Kb
 bounds [0x000001abef080000, 0x000001abef2f0000, 0x000001abf64d0000]
CodeHeap 'non-nmethods': size=7488Kb used=1250Kb max_used=3015Kb free=6237Kb
 bounds [0x000001abee930000, 0x000001abeec30000, 0x000001abef080000]
 total_blobs=1610 nmethods=1146 adapters=377
 compilation: enabled
              stopped_count=0, restarted_count=0
 full_count=0

Compilation events (20 events):
Event: 636.672 Thread 0x000001ab8b4a6ad0 1139       1       jdk.internal.loader.URLClassPath$FileLoader$1::getURL (5 bytes)
Event: 636.673 Thread 0x000001ab8b4a6ad0 nmethod 1139 0x000001abf6555690 code [0x000001abf6555820, 0x000001abf65558f8]
Event: 957.206 Thread 0x000001ab8b4a6ad0 1140   !   3       java.lang.ref.ReferenceQueue::remove (125 bytes)
Event: 957.208 Thread 0x000001ab8b4a6ad0 nmethod 1140 0x000001abef2b7410 code [0x000001abef2b7640, 0x000001abef2b7e98]
Event: 1142.499 Thread 0x000001ab8b4a6ad0 1142       3       java.lang.Thread::getContextClassLoader (32 bytes)
Event: 1142.501 Thread 0x000001ab8b4a6ad0 nmethod 1142 0x000001abef2b8210 code [0x000001abef2b8440, 0x000001abef2b8e18]
Event: 1247.691 Thread 0x000001ab8b4a6ad0 1143       3       jdk.internal.loader.URLClassPath$FileLoader::findResource (18 bytes)
Event: 1247.692 Thread 0x000001ab8b4a6ad0 nmethod 1143 0x000001abef2b9110 code [0x000001abef2b92c0, 0x000001abef2b9558]
Event: 1257.717 Thread 0x000001ab8b4a6ad0 1144       3       jdk.internal.loader.URLClassPath::findResource (38 bytes)
Event: 1257.718 Thread 0x000001ab8b4a6ad0 nmethod 1144 0x000001abef2b9690 code [0x000001abef2b9860, 0x000001abef2b9bb8]
Event: 1277.732 Thread 0x000001ab8b4a6ad0 1145   !   3       com.mysql.cj.jdbc.AbandonedConnectionCleanupThread::checkThreadContextClassLoader (20 bytes)
Event: 1277.733 Thread 0x000001ab8b4a6ad0 nmethod 1145 0x000001abef2b9d10 code [0x000001abef2b9fa0, 0x000001abef2baf58]
Event: 1277.733 Thread 0x000001ab8b4a6ad0 1146   !   3       jdk.internal.loader.URLClassPath::check (125 bytes)
Event: 1277.734 Thread 0x000001ab8b4a6ad0 nmethod 1146 0x000001abef2bb590 code [0x000001abef2bb840, 0x000001abef2bc8a8]
Event: 1765.907 Thread 0x000001ab8b4a5e20 1147       4       org.eclipse.jdt.launching.internal.org.objectweb.asm.ByteVector::encodeUtf8 (337 bytes)
Event: 1765.913 Thread 0x000001ab8b4a5e20 nmethod 1147 0x000001abf6555d90 code [0x000001abf6555f40, 0x000001abf65569f8]
Event: 1801.309 Thread 0x000001ab8b4a6ad0 1148       3       org.eclipse.jdt.launching.internal.org.objectweb.asm.SymbolTable::hash (14 bytes)
Event: 1801.309 Thread 0x000001ab8b4a6ad0 nmethod 1148 0x000001abef2bcd90 code [0x000001abef2bcf20, 0x000001abef2bd018]
Event: 2008.928 Thread 0x000001ab8b4a5e20 1149  s!   4       jdk.internal.loader.URLClassPath::getLoader (194 bytes)
Event: 2008.934 Thread 0x000001ab8b4a5e20 nmethod 1149 0x000001abf6556f90 code [0x000001abf6557140, 0x000001abf65578e8]

GC Heap History (2 events):
Event: 1.151 GC heap before
{Heap before GC invocations=0 (full 0):
 garbage-first heap   total 258048K, used 20480K [0x0000000704600000, 0x0000000800000000)
  region size 2048K, 11 young (22528K), 0 survivors (0K)
 Metaspace       used 12169K, committed 12352K, reserved 1064960K
  class space    used 1064K, committed 1152K, reserved 1048576K
}
Event: 1.153 GC heap after
{Heap after GC invocations=1 (full 0):
 garbage-first heap   total 258048K, used 2533K [0x0000000704600000, 0x0000000800000000)
  region size 2048K, 2 young (4096K), 2 survivors (4096K)
 Metaspace       used 12169K, committed 12352K, reserved 1064960K
  class space    used 1064K, committed 1152K, reserved 1048576K
}

Deoptimization events (20 events):
Event: 0.566 Thread 0x000001abeb276ef0 DEOPT PACKING pc=0x000001abef108cd4 sp=0x00000097efbf7ed0
Event: 0.566 Thread 0x000001abeb276ef0 DEOPT UNPACKING pc=0x000001abee986763 sp=0x00000097efbf7338 mode 0
Event: 0.592 Thread 0x000001abeb276ef0 DEOPT PACKING pc=0x000001abef0e279f sp=0x00000097efbfa960
Event: 0.592 Thread 0x000001abeb276ef0 DEOPT UNPACKING pc=0x000001abee986763 sp=0x00000097efbf9df8 mode 0
Event: 1.137 Thread 0x000001abeb276ef0 DEOPT PACKING pc=0x000001abef1191f9 sp=0x00000097efbfd350
Event: 1.137 Thread 0x000001abeb276ef0 DEOPT UNPACKING pc=0x000001abee986763 sp=0x00000097efbfc7b0 mode 0
Event: 1.138 Thread 0x000001abeb276ef0 Uncommon trap: trap_request=0xffffff45 fr.pc=0x000001abf65012d8 relative=0x0000000000000998
Event: 1.138 Thread 0x000001abeb276ef0 Uncommon trap: reason=unstable_if action=reinterpret pc=0x000001abf65012d8 method=java.lang.String.<init>([CIILjava/lang/Void;)V @ 43 c2
Event: 1.138 Thread 0x000001abeb276ef0 DEOPT PACKING pc=0x000001abf65012d8 sp=0x00000097efbfbc70
Event: 1.138 Thread 0x000001abeb276ef0 DEOPT UNPACKING pc=0x000001abee985c23 sp=0x00000097efbfbae0 mode 2
Event: 1.138 Thread 0x000001abeb276ef0 Uncommon trap: trap_request=0xffffff45 fr.pc=0x000001abf64db524 relative=0x00000000000001a4
Event: 1.138 Thread 0x000001abeb276ef0 Uncommon trap: reason=unstable_if action=reinterpret pc=0x000001abf64db524 method=java.lang.String.isLatin1()Z @ 10 c2
Event: 1.138 Thread 0x000001abeb276ef0 DEOPT PACKING pc=0x000001abf64db524 sp=0x00000097efbfbc80
Event: 1.138 Thread 0x000001abeb276ef0 DEOPT UNPACKING pc=0x000001abee985c23 sp=0x00000097efbfbbb0 mode 2
Event: 1.145 Thread 0x000001abeb276ef0 DEOPT PACKING pc=0x000001abef12f5be sp=0x00000097efbfd560
Event: 1.145 Thread 0x000001abeb276ef0 DEOPT UNPACKING pc=0x000001abee986763 sp=0x00000097efbfca00 mode 0
Event: 1.322 Thread 0x000001abeb276ef0 DEOPT PACKING pc=0x000001abef0c15d6 sp=0x00000097efbfcd00
Event: 1.322 Thread 0x000001abeb276ef0 DEOPT UNPACKING pc=0x000001abee986763 sp=0x00000097efbfc188 mode 0
Event: 1765.907 Thread 0x000001ab8b82c080 DEOPT PACKING pc=0x000001abef1fcf43 sp=0x00000097f11fda90
Event: 1765.907 Thread 0x000001ab8b82c080 DEOPT UNPACKING pc=0x000001abee986763 sp=0x00000097f11fcfb8 mode 0

Classes unloaded (0 events):
No events

Classes redefined (8 events):
Event: 238.628 Thread 0x000001ab8b46ec10 redefined class name=jdbc.JDBC, count=1
Event: 287.099 Thread 0x000001ab8b46ec10 redefined class name=jdbc.JDBC, count=2
Event: 405.285 Thread 0x000001ab8b46ec10 redefined class name=jdbc.JDBC, count=3
Event: 502.799 Thread 0x000001ab8b46ec10 redefined class name=jdbc.JDBC, count=4
Event: 840.303 Thread 0x000001ab8b46ec10 redefined class name=jdbc.JDBC, count=5
Event: 1167.781 Thread 0x000001ab8b46ec10 redefined class name=jdbc.JDBC, count=6
Event: 1757.054 Thread 0x000001ab8b46ec10 redefined class name=jdbc.JDBC, count=7
Event: 2309.820 Thread 0x000001ab8b46ec10 redefined class name=personnel.Employe, count=1

Internal exceptions (6 events):
Event: 0.808 Thread 0x000001abeb276ef0 Exception <a 'java/lang/NoSuchMethodError'{0x000000071374cf48}: 'java.lang.Object java.lang.invoke.DirectMethodHandle$Holder.invokeStaticInit(java.lang.Object)'> (0x000000071374cf48) 
thrown [s\src\hotspot\share\interpreter\linkResolver.cpp, line 759]
Event: 0.809 Thread 0x000001abeb276ef0 Exception <a 'java/lang/NoSuchMethodError'{0x0000000713753c28}: 'java.lang.Object java.lang.invoke.DirectMethodHandle$Holder.invokeInterface(java.lang.Object, java.lang.Object)'> (0x0000000713753c28) 
thrown [s\src\hotspot\share\interpreter\linkResolver.cpp, line 759]
Event: 0.863 Thread 0x000001abeb276ef0 Exception <a 'java/lang/NoSuchMethodError'{0x00000007137dd340}: 'void java.lang.invoke.DirectMethodHandle$Holder.invokeSpecial(java.lang.Object, java.lang.Object, java.lang.Object)'> (0x00000007137dd340) 
thrown [s\src\hotspot\share\interpreter\linkResolver.cpp, line 759]
Event: 0.876 Thread 0x000001abeb276ef0 Exception <a 'java/lang/NoSuchMethodError'{0x00000007137e49d0}: 'void java.lang.invoke.DirectMethodHandle$Holder.invokeStatic(java.lang.Object, java.lang.Object, java.lang.Object)'> (0x00000007137e49d0) 
thrown [s\src\hotspot\share\interpreter\linkResolver.cpp, line 759]
Event: 0.898 Thread 0x000001abeb276ef0 Exception <a 'java/lang/NoSuchMethodError'{0x00000007134307b8}: 'java.lang.Object java.lang.invoke.DirectMethodHandle$Holder.invokeVirtual(java.lang.Object, java.lang.Object, java.lang.Object)'> (0x00000007134307b8) 
thrown [s\src\hotspot\share\interpreter\linkResolver.cpp, line 759]
Event: 1.185 Thread 0x000001abeb276ef0 Exception <a 'java/lang/NoSuchMethodError'{0x00000007141c1900}: 'void java.lang.invoke.DirectMethodHandle$Holder.invokeStatic(java.lang.Object, java.lang.Object)'> (0x00000007141c1900) 
thrown [s\src\hotspot\share\interpreter\linkResolver.cpp, line 759]

VM Operations (20 events):
Event: 1757.197 Executing VM operation: get/set locals
Event: 1757.197 Executing VM operation: get/set locals done
Event: 1757.198 Executing VM operation: get/set locals
Event: 1757.199 Executing VM operation: get/set locals done
Event: 1757.200 Executing VM operation: get/set locals
Event: 1757.201 Executing VM operation: get/set locals done
Event: 1796.555 Executing VM operation: ChangeSingleStep
Event: 1796.555 Executing VM operation: ChangeSingleStep done
Event: 1796.556 Executing VM operation: ChangeSingleStep
Event: 1796.557 Executing VM operation: ChangeSingleStep done
Event: 1796.623 Executing VM operation: get/set locals
Event: 1796.623 Executing VM operation: get/set locals done
Event: 2309.817 Executing VM operation: RedefineClasses
Event: 2309.822 Executing VM operation: RedefineClasses done
Event: 2309.841 Executing VM operation: ChangeBreakpoints
Event: 2309.842 Executing VM operation: ChangeBreakpoints done
Event: 2319.141 Executing VM operation: ChangeBreakpoints
Event: 2319.141 Executing VM operation: ChangeBreakpoints done
Event: 2328.719 Executing VM operation: get/set locals
Event: 2328.719 Executing VM operation: get/set locals done

Events (20 events):
Event: 1.338 loading class jdk/internal/misc/ScopedMemoryAccess$Scope
Event: 1.338 loading class jdk/internal/misc/ScopedMemoryAccess$Scope done
Event: 1.342 loading class java/time/format/DateTimeParseException
Event: 1.342 loading class java/time/DateTimeException
Event: 1.342 loading class java/time/DateTimeException done
Event: 1.342 loading class java/time/format/DateTimeParseException done
Event: 1.346 loading class java/time/chrono/ChronoLocalDate
Event: 1.346 loading class java/time/temporal/Temporal
Event: 1.346 loading class java/time/temporal/TemporalAccessor
Event: 1.346 loading class java/time/temporal/TemporalAccessor done
Event: 1.346 loading class java/time/temporal/Temporal done
Event: 1.346 loading class java/time/temporal/TemporalAdjuster
Event: 1.346 loading class java/time/temporal/TemporalAdjuster done
Event: 1.346 loading class java/time/chrono/ChronoLocalDate done
Event: 6.348 Thread 0x000001ab8be22660 Thread exited: 0x000001ab8be22660
Event: 6.348 Thread 0x000001ab8b69c190 Thread exited: 0x000001ab8b69c190
Event: 6.349 Thread 0x000001ab8b69bc80 Thread exited: 0x000001ab8b69bc80
Event: 6.349 Thread 0x000001ab8b742430 Thread exited: 0x000001ab8b742430
Event: 11.356 Thread 0x000001ab8b6792e0 Thread exited: 0x000001ab8b6792e0
Event: 11.357 Thread 0x000001ab8b6a09a0 Thread exited: 0x000001ab8b6a09a0


Dynamic libraries:
0x00007ff620530000 - 0x00007ff62053e000 	C:\Users\basti\.p2\pool\plugins\org.eclipse.justj.openjdk.hotspot.jre.full.win32.x86_64_17.0.4.v20220903-1038\jre\bin\javaw.exe
0x00007fff94fd0000 - 0x00007fff951e6000 	C:\WINDOWS\SYSTEM32\ntdll.dll
0x00007fff93f10000 - 0x00007fff93fd4000 	C:\WINDOWS\System32\KERNEL32.DLL
0x00007fff92310000 - 0x00007fff926b6000 	C:\WINDOWS\System32\KERNELBASE.dll
0x00007fff926c0000 - 0x00007fff927d1000 	C:\WINDOWS\System32\ucrtbase.dll
0x00007fff8d250000 - 0x00007fff8d268000 	C:\Users\basti\.p2\pool\plugins\org.eclipse.justj.openjdk.hotspot.jre.full.win32.x86_64_17.0.4.v20220903-1038\jre\bin\jli.dll
0x00007fff82c20000 - 0x00007fff82c39000 	C:\Users\basti\.p2\pool\plugins\org.eclipse.justj.openjdk.hotspot.jre.full.win32.x86_64_17.0.4.v20220903-1038\jre\bin\VCRUNTIME140.dll
0x00007fff930f0000 - 0x00007fff9329d000 	C:\WINDOWS\System32\USER32.dll
0x00007fff92cf0000 - 0x00007fff92d16000 	C:\WINDOWS\System32\win32u.dll
0x00007fff930c0000 - 0x00007fff930e9000 	C:\WINDOWS\System32\GDI32.dll
0x00007fff74b10000 - 0x00007fff74da3000 	C:\WINDOWS\WinSxS\amd64_microsoft.windows.common-controls_6595b64144ccf1df_6.0.22621.3235_none_270f74e173860f98\COMCTL32.dll
0x00007fff92950000 - 0x00007fff92a68000 	C:\WINDOWS\System32\gdi32full.dll
0x00007fff94120000 - 0x00007fff941c7000 	C:\WINDOWS\System32\msvcrt.dll
0x00007fff92ae0000 - 0x00007fff92b7a000 	C:\WINDOWS\System32\msvcp_win.dll
0x00007fff93c70000 - 0x00007fff93ca1000 	C:\WINDOWS\System32\IMM32.DLL
0x00007fff8d300000 - 0x00007fff8d30c000 	C:\Users\basti\.p2\pool\plugins\org.eclipse.justj.openjdk.hotspot.jre.full.win32.x86_64_17.0.4.v20220903-1038\jre\bin\vcruntime140_1.dll
0x00007fff57570000 - 0x00007fff57601000 	C:\Users\basti\.p2\pool\plugins\org.eclipse.justj.openjdk.hotspot.jre.full.win32.x86_64_17.0.4.v20220903-1038\jre\bin\msvcp140.dll
0x00007fff0c800000 - 0x00007fff0d446000 	C:\Users\basti\.p2\pool\plugins\org.eclipse.justj.openjdk.hotspot.jre.full.win32.x86_64_17.0.4.v20220903-1038\jre\bin\server\jvm.dll
0x00007fff933c0000 - 0x00007fff93472000 	C:\WINDOWS\System32\ADVAPI32.dll
0x00007fff93670000 - 0x00007fff93718000 	C:\WINDOWS\System32\sechost.dll
0x00007fff92860000 - 0x00007fff92888000 	C:\WINDOWS\System32\bcrypt.dll
0x00007fff94e70000 - 0x00007fff94f85000 	C:\WINDOWS\System32\RPCRT4.dll
0x00007fff94e60000 - 0x00007fff94e68000 	C:\WINDOWS\System32\PSAPI.DLL
0x00007fff8a7c0000 - 0x00007fff8a7f4000 	C:\WINDOWS\SYSTEM32\WINMM.dll
0x00007fff8ae80000 - 0x00007fff8ae89000 	C:\WINDOWS\SYSTEM32\WSOCK32.dll
0x00007fff8ae70000 - 0x00007fff8ae7a000 	C:\WINDOWS\SYSTEM32\VERSION.dll
0x00007fff93e90000 - 0x00007fff93f01000 	C:\WINDOWS\System32\WS2_32.dll
0x00007fff91420000 - 0x00007fff91438000 	C:\WINDOWS\SYSTEM32\kernel.appcore.dll
0x00007fff8ac10000 - 0x00007fff8ac1a000 	C:\Users\basti\.p2\pool\plugins\org.eclipse.justj.openjdk.hotspot.jre.full.win32.x86_64_17.0.4.v20220903-1038\jre\bin\jimage.dll
0x00007fff8f660000 - 0x00007fff8f893000 	C:\WINDOWS\SYSTEM32\DBGHELP.DLL
0x00007fff92d30000 - 0x00007fff930b8000 	C:\WINDOWS\System32\combase.dll
0x00007fff94040000 - 0x00007fff94117000 	C:\WINDOWS\System32\OLEAUT32.dll
0x00007fff833e0000 - 0x00007fff83412000 	C:\WINDOWS\SYSTEM32\dbgcore.DLL
0x00007fff927e0000 - 0x00007fff9285a000 	C:\WINDOWS\System32\bcryptPrimitives.dll
0x00007fff79650000 - 0x00007fff7968b000 	C:\Users\basti\.p2\pool\plugins\org.eclipse.justj.openjdk.hotspot.jre.full.win32.x86_64_17.0.4.v20220903-1038\jre\bin\jdwp.dll
0x00007fff83ca0000 - 0x00007fff83cae000 	C:\Users\basti\.p2\pool\plugins\org.eclipse.justj.openjdk.hotspot.jre.full.win32.x86_64_17.0.4.v20220903-1038\jre\bin\instrument.dll
0x00007fff7fb90000 - 0x00007fff7fbb5000 	C:\Users\basti\.p2\pool\plugins\org.eclipse.justj.openjdk.hotspot.jre.full.win32.x86_64_17.0.4.v20220903-1038\jre\bin\java.dll
0x00007fff799e0000 - 0x00007fff799f8000 	C:\Users\basti\.p2\pool\plugins\org.eclipse.justj.openjdk.hotspot.jre.full.win32.x86_64_17.0.4.v20220903-1038\jre\bin\zip.dll
0x00007fff942d0000 - 0x00007fff94b2d000 	C:\WINDOWS\System32\SHELL32.dll
0x00007fff90230000 - 0x00007fff90b28000 	C:\WINDOWS\SYSTEM32\windows.storage.dll
0x00007fff900f0000 - 0x00007fff9022e000 	C:\WINDOWS\SYSTEM32\wintypes.dll
0x00007fff932b0000 - 0x00007fff933a3000 	C:\WINDOWS\System32\SHCORE.dll
0x00007fff93c10000 - 0x00007fff93c6e000 	C:\WINDOWS\System32\shlwapi.dll
0x00007fff92240000 - 0x00007fff92266000 	C:\WINDOWS\SYSTEM32\profapi.dll
0x00007fff82be0000 - 0x00007fff82bec000 	C:\Users\basti\.p2\pool\plugins\org.eclipse.justj.openjdk.hotspot.jre.full.win32.x86_64_17.0.4.v20220903-1038\jre\bin\dt_socket.dll
0x00007fff90e40000 - 0x00007fff90e6d000 	C:\WINDOWS\SYSTEM32\IPHLPAPI.DLL
0x00007fff918c0000 - 0x00007fff91929000 	C:\WINDOWS\system32\mswsock.dll
0x00007fff90ec0000 - 0x00007fff90fb9000 	C:\WINDOWS\SYSTEM32\DNSAPI.dll
0x00007fff92d20000 - 0x00007fff92d29000 	C:\WINDOWS\System32\NSI.dll
0x00007fff8ae90000 - 0x00007fff8ae9a000 	C:\Windows\System32\rasadhlp.dll
0x00007fff8b050000 - 0x00007fff8b0d3000 	C:\WINDOWS\System32\fwpuclnt.dll
0x00007fff799c0000 - 0x00007fff799d9000 	C:\Users\basti\.p2\pool\plugins\org.eclipse.justj.openjdk.hotspot.jre.full.win32.x86_64_17.0.4.v20220903-1038\jre\bin\net.dll
0x00007fff8c810000 - 0x00007fff8c947000 	C:\WINDOWS\SYSTEM32\WINHTTP.dll
0x00007fff79960000 - 0x00007fff79975000 	C:\Users\basti\.p2\pool\plugins\org.eclipse.justj.openjdk.hotspot.jre.full.win32.x86_64_17.0.4.v20220903-1038\jre\bin\nio.dll
0x00007fff8ac00000 - 0x00007fff8ac10000 	C:\Users\basti\.p2\pool\plugins\org.eclipse.justj.openjdk.hotspot.jre.full.win32.x86_64_17.0.4.v20220903-1038\jre\bin\verify.dll

dbghelp: loaded successfully - version: 4.0.5 - missing functions: none
symbol engine: initialized successfully - sym options: 0x614 - pdb path: .;C:\Users\basti\.p2\pool\plugins\org.eclipse.justj.openjdk.hotspot.jre.full.win32.x86_64_17.0.4.v20220903-1038\jre\bin;C:\WINDOWS\SYSTEM32;C:\WINDOWS\WinSxS\amd64_microsoft.windows.common-controls_6595b64144ccf1df_6.0.22621.3235_none_270f74e173860f98;C:\Users\basti\.p2\pool\plugins\org.eclipse.justj.openjdk.hotspot.jre.full.win32.x86_64_17.0.4.v20220903-1038\jre\bin\server

VM Arguments:
jvm_args: -XX:+ShowCodeDetailsInExceptionMessages -agentlib:jdwp=transport=dt_socket,suspend=y,address=localhost:63930 -javaagent:C:\Users\basti\eclipse\java-2022-09\eclipse\configuration\org.eclipse.osgi\652\0\.cp\lib\javaagent-shaded.jar -Dfile.encoding=UTF-8 -Dstdout.encoding=UTF-8 -Dstderr.encoding=UTF-8 
java_command: commandLine.PersonnelConsole
java_class_path (initial): C:\Users\basti\Documents\ITIC\Developpement\personnel-master\Personnel\target\classes;C:\Users\basti\.p2\pool\plugins\junit-jupiter-api_5.10.1.jar;C:\Users\basti\.p2\pool\plugins\junit-jupiter-engine_5.10.1.jar;C:\Users\basti\.p2\pool\plugins\junit-jupiter-migrationsupport_5.10.1.jar;C:\Users\basti\.p2\pool\plugins\junit-jupiter-params_5.10.1.jar;C:\Users\basti\.p2\pool\plugins\junit-platform-commons_1.10.1.jar;C:\Users\basti\.p2\pool\plugins\junit-platform-engine_1.10.1.jar;C:\Users\basti\.p2\pool\plugins\junit-platform-launcher_1.10.1.jar;C:\Users\basti\.p2\pool\plugins\junit-platform-runner_1.10.1.jar;C:\Users\basti\.p2\pool\plugins\junit-platform-suite-api_1.10.1.jar;C:\Users\basti\.p2\pool\plugins\junit-platform-suite-engine_1.10.1.jar;C:\Users\basti\.p2\pool\plugins\junit-platform-suite-commons_1.10.1.jar;C:\Users\basti\.p2\pool\plugins\junit-vintage-engine_5.10.1.jar;C:\Users\basti\.p2\pool\plugins\org.opentest4j_1.3.0.jar;C:\Users\basti\.p2\pool\plugins\org.apiguardian.api_1.1.2.jar;C:\Users\basti\.p2\pool\plugins\org.junit_4.13.2.v20230809-1000.jar;C:\Users\basti\.p2\pool\plugins\org.hamcrest_2.2.0.jar;C:\Users\basti\.p2\pool\plugins\org.hamcrest.core_2.2.0.v20230809-1000.jar;C:\Users\basti\.m2\repository\mysql\mysql-connector-java\8.0.16\mysql-connector-java-8.0.16.jar;C:\Users\basti\.m2\repository\com\google\protobuf\protobuf-java\3.6.1\protobuf-java-3.6.1.jar;C:\Users\basti\.m2\repository\CommandLineMenus\CommandLineMenus\2.0\CommandLineMenus-2.0.jar
Launcher Type: SUN_STANDARD

[Global flags]
     intx CICompilerCount                          = 12                                        {product} {ergonomic}
     uint ConcGCThreads                            = 3                                         {product} {ergonomic}
     uint G1ConcRefinementThreads                  = 13                                        {product} {ergonomic}
   size_t G1HeapRegionSize                         = 2097152                                   {product} {ergonomic}
    uintx GCDrainStackTargetSize                   = 64                                        {product} {ergonomic}
   size_t InitialHeapSize                          = 264241152                                 {product} {ergonomic}
   size_t MarkStackSize                            = 4194304                                   {product} {ergonomic}
   size_t MaxHeapSize                              = 4221566976                                {product} {ergonomic}
   size_t MaxNewSize                               = 2531262464                                {product} {ergonomic}
   size_t MinHeapDeltaBytes                        = 2097152                                   {product} {ergonomic}
   size_t MinHeapSize                              = 8388608                                   {product} {ergonomic}
    uintx NonNMethodCodeHeapSize                   = 7602480                                {pd product} {ergonomic}
    uintx NonProfiledCodeHeapSize                  = 122027880                              {pd product} {ergonomic}
    uintx ProfiledCodeHeapSize                     = 122027880                              {pd product} {ergonomic}
    uintx ReservedCodeCacheSize                    = 251658240                              {pd product} {ergonomic}
     bool SegmentedCodeCache                       = true                                      {product} {ergonomic}
     bool ShowCodeDetailsInExceptionMessages       = true                                   {manageable} {command line}
   size_t SoftMaxHeapSize                          = 4221566976                             {manageable} {ergonomic}
     bool UseCompressedClassPointers               = true                           {product lp64_product} {ergonomic}
     bool UseCompressedOops                        = true                           {product lp64_product} {ergonomic}
     bool UseG1GC                                  = true                                      {product} {ergonomic}
     bool UseLargePagesIndividualAllocation        = false                                  {pd product} {ergonomic}

Logging:
Log output configuration:
 #0: stdout all=warning uptime,level,tags
 #1: stderr all=off uptime,level,tags

Environment Variables:
PATH=C:\Users\basti\.p2\pool\plugins\org.eclipse.justj.openjdk.hotspot.jre.full.win32.x86_64_17.0.4.v20220903-1038\jre\bin;C:/Users/basti/.p2/pool/plugins/org.eclipse.justj.openjdk.hotspot.jre.full.win32.x86_64_17.0.4.v20220903-1038/jre/bin/server;C:/Users/basti/.p2/pool/plugins/org.eclipse.justj.openjdk.hotspot.jre.full.win32.x86_64_17.0.4.v20220903-1038/jre/bin;C:\Program Files (x86)\Common Files\Oracle\Java\javapath;C:\Python312\Scripts\;C:\Python312\;C:\Python311\Scripts\;C:\Python311\;C:\Windows\system32;C:\Windows;C:\Windows\System32\Wbem;C:\Windows\System32\WindowsPowerShell\v1.0\;C:\Windows\System32\OpenSSH\;C:\Program Files (x86)\NVIDIA Corporation\PhysX\Common;C:\Program Files\NVIDIA Corporation\NVIDIA NvDLISR;C:\Program Files\dotnet\;C:\Program Files\Microsoft SQL Server\150\Tools\Binn\;C:\Program Files\Microsoft SQL Server\Client SDK\ODBC\170\Tools\Binn\;C:\WINDOWS\system32;C:\WINDOWS;C:\WINDOWS\System32\Wbem;C:\WINDOWS\System32\WindowsPowerShell\v1.0\;C:\WINDOWS\System32\OpenSSH\;C:\Program Files\Git\cmd;C:\ProgramData\chocolatey\bin;C:\Program Files\nodejs\;C:\xampp\php;C:\composer;C:\Users\basti\AppData\Roaming\Composer\vendor\bin;C:\WINDOWS\system32;
USERNAME=basti
OS=Windows_NT
PROCESSOR_IDENTIFIER=Intel64 Family 6 Model 141 Stepping 1, GenuineIntel
TMP=C:\Users\basti\AppData\Local\Temp
TEMP=C:\Users\basti\AppData\Local\Temp



---------------  S Y S T E M  ---------------

OS:
 Windows 11 , 64 bit Build 22621 (10.0.22621.3235)
OS uptime: 6 days 9:53 hours
Hyper-V role detected

CPU: total 16 (initial active 16) (8 cores per cpu, 2 threads per core) family 6 model 141 stepping 1 microcode 0x4e, cx8, cmov, fxsr, ht, mmx, 3dnowpref, sse, sse2, sse3, ssse3, sse4.1, sse4.2, popcnt, lzcnt, tsc, tscinvbit, avx, avx2, aes, erms, clmul, bmi1, bmi2, adx, avx512f, avx512dq, avx512cd, avx512bw, avx512vl, sha, fma, vzeroupper, avx512_vpopcntdq, avx512_vpclmulqdq, avx512_vaes, avx512_vnni, clflush, clflushopt, clwb, avx512_vbmi2, avx512_vbmi, hv

Memory: 4k page, system-wide physical 16103M (4872M free)
TotalPageFile size 24039M (AvailPageFile size 3500M)
current process WorkingSet (physical memory assigned to process): 77M, peak: 117M
current process commit charge ("private bytes"): 359M, peak: 399M

vm_info: OpenJDK 64-Bit Server VM (17.0.4.1+1) for windows-amd64 JRE (17.0.4.1+1), built on Aug 17 2022 07:42:43 by "temurin" with MS VC++ 16.7 (VS2019)

END.
